
"a" "b"
**********************************
P,Key.cmd, 1650637208393126000
P,Key.tab, 1650637208430681000
R,Key.cmd, 1650637208539006000
R,Key.tab, 1650637208575093000
P,'f', 1650637210917803000
R,'f', 1650637211013019000
P,'p', 1650637211058924000
R,'p', 1650637211175310000
P,'d', 1650637212118090000
R,'d', 1650637212207620000
P,'1', 1650637212583774000
R,'1', 1650637212708081000
P,'s', 1650637213145487000
R,'s', 1650637213280696000
P,'o', 1650637213341343000
R,'o', 1650637213508300000
P,'c', 1650637213518668000
R,'c', 1650637213615183000
P,'i', 1650637213718865000
P,'a', 1650637213831373000
R,'i', 1650637213840215000
R,'a', 1650637213951689000
P,'l', 1650637214099643000
R,'l', 1650637214294921000
P,Key.shift, 1650637214474239000
P,'@', 1650637214913455000
R,'@', 1650637215033627000
R,Key.shift, 1650637215153314000
P,'g', 1650637215666450000
R,'g', 1650637215806500000
P,'m', 1650637215955504000
R,'m', 1650637216082745000
P,'a', 1650637216107676000
R,'a', 1650637216236507000
P,'i', 1650637216402441000
R,'i', 1650637216551415000
P,'l', 1650637216883142000
R,'l', 1650637216999427000
P,'.', 1650637217280263000
P,'c', 1650637217447966000
R,'.', 1650637217459528000
R,'c', 1650637217600675000
P,'o', 1650637217863845000
R,'o', 1650637218016408000
P,'m', 1650637218256610000
R,'m', 1650637218414546000
P,Key.tab, 1650637218609283000
R,Key.tab, 1650637218722917000
P,Key.shift, 1650637219345565000
R,Key.shift, 1650637219861107000
P,Key.shift, 1650637221288717000
R,Key.shift, 1650637221900338000
P,Key.cmd, 1650637250960902000
P,Key.tab, 1650637251023092000
R,Key.cmd, 1650637251093033000
R,Key.tab, 1650637251141357000
P,Key.ctrl, 1650637254250091000
P,'c', 1650637256339858000
R,P,Key.cmd, 1650637208393126000, 1650637256344788000
R,P,Key.tab, 1650637208430681000, 1650637256344792000
R,R,Key.cmd, 1650637208539006000, 1650637256344794000
R,R,Key.tab, 1650637208575093000, 1650637256344796000
R,P,'f', 1650637210917803000, 1650637256344797000
R,R,'f', 1650637211013019000, 1650637256344798000
R,P,'p', 1650637211058924000, 1650637256344800000
R,R,'p', 1650637211175310000, 1650637256344802000
R,P,'d', 1650637212118090000, 1650637256344804000
R,R,'d', 1650637212207620000, 1650637256344805000
R,P,'1', 1650637212583774000, 1650637256344806000
R,R,'1', 1650637212708081000, 1650637256344808000
R,P,'s', 1650637213145487000, 1650637256344809000
R,R,'s', 1650637213280696000, 1650637256344811000
R,P,'o', 1650637213341343000, 1650637256344813000
R,R,'o', 1650637213508300000, 1650637256344815000
R,P,'c', 1650637213518668000, 1650637256344818000
R,R,'c', 1650637213615183000, 1650637256344820000
R,P,'i', 1650637213718865000, 1650637256344823000
R,P,'a', 1650637213831373000, 1650637256344826000
R,R,'i', 1650637213840215000, 1650637256344828000
R,R,'a', 1650637213951689000, 1650637256344831000

"a" "b"
**********************************
P,Key.cmd, 1650637267113408000
P,Key.tab, 1650637267148394000
R,Key.cmd, 1650637267207589000
R,Key.tab, 1650637267252555000
P,'i', 1650637270075084000
R,'i', 1650637270199822000
P,'n', 1650637270516693000
P,'s', 1650637270600409000
R,'n', 1650637270680936000
R,'s', 1650637270748597000
P,'t', 1650637271110505000
R,'t', 1650637271214706000
P,'a', 1650637271468425000
R,'a', 1650637271628966000
P,'g', 1650637272079890000
R,'g', 1650637272227993000
P,'r', 1650637272343064000
R,'r', 1650637272446865000
P,Key.enter, 1650637272814993000
R,Key.enter, 1650637272901348000
P,'f', 1650637277177672000
R,'f', 1650637277261911000
P,'p', 1650637277334170000
R,'p', 1650637277565652000
P,'s', 1650637277569149000
R,'s', 1650637277655551000
P,Key.backspace, 1650637278081629000
P,'d', 1650637278125213000
R,Key.backspace, 1650637278189395000
R,'d', 1650637278229884000
P,'1', 1650637278747875000
R,'1', 1650637278835799000
P,Key.cmd, 1650637279753665000
P,Key.tab, 1650637279813928000
R,Key.cmd, 1650637279849411000
R,Key.tab, 1650637279925278000
P,Key.ctrl, 1650637283306471000
P,'c', 1650637283881678000
R,P,Key.cmd, 1650637267113408000, 1650637283885827000
R,P,Key.tab, 1650637267148394000, 1650637283885836000
R,R,Key.cmd, 1650637267207589000, 1650637283885843000
R,R,Key.tab, 1650637267252555000, 1650637283885846000
R,P,'i', 1650637270075084000, 1650637283885849000
R,R,'i', 1650637270199822000, 1650637283885851000
R,P,'n', 1650637270516693000, 1650637283885853000
R,P,'s', 1650637270600409000, 1650637283885855000
R,R,'n', 1650637270680936000, 1650637283885856000
R,R,'s', 1650637270748597000, 1650637283885858000
R,P,'t', 1650637271110505000, 1650637283885860000
R,R,'t', 1650637271214706000, 1650637283885862000
R,P,'a', 1650637271468425000, 1650637283885864000
R,R,'a', 1650637271628966000, 1650637283885866000
R,P,'g', 1650637272079890000, 1650637283885868000
R,R,'g', 1650637272227993000, 1650637283885870000
R,P,'r', 1650637272343064000, 1650637283885872000
R,R,'r', 1650637272446865000, 1650637283885874000
R,P,Key.enter, 1650637272814993000, 1650637283885876000
R,R,Key.enter, 1650637272901348000, 1650637283885877000
R,P,'f', 1650637277177672000, 1650637283885879000
R,R,'f', 1650637277261911000, 1650637283885881000
R,P,'p', 1650637277334170000, 1650637283885883000
R,R,'p', 1650637277565652000, 1650637283885885000
R,P,'s', 1650637277569149000, 1650637283885886000
R,R,'s', 1650637277655551000, 1650637283885888000
R,P,Key.backspace, 1650637278081629000, 1650637283885890000
R,P,'d', 1650637278125213000, 1650637283885893000
R,R,Key.backspace, 1650637278189395000, 1650637283885895000
R,R,'d', 1650637278229884000, 1650637283885897000
R,P,'1', 1650637278747875000, 1650637283885899000
R,R,'1', 1650637278835799000, 1650637283885901000
R,P,Key.cmd, 1650637279753665000, 1650637283885902000
R,P,Key.tab, 1650637279813928000, 1650637283885904000
R,R,Key.cmd, 1650637279849411000, 1650637283885906000
R,R,Key.tab, 1650637279925278000, 1650637283885908000
R,P,Key.ctrl, 1650637283306471000, 1650637283885910000
R,P,'c', 1650637283881678000, 1650637283885911000
R,R,P,Key.cmd, 1650637267113408000, 1650637283885827000, 1650637283885913000
R,R,P,Key.tab, 1650637267148394000, 1650637283885836000, 1650637283885916000
R,R,R,Key.cmd, 1650637267207589000, 1650637283885843000, 1650637283885918000
R,R,R,Key.tab, 1650637267252555000, 1650637283885846000, 1650637283885920000

"a" "b"
**********************************
P,Key.cmd, 1650637286850336000
P,Key.tab, 1650637286910248000
R,Key.cmd, 1650637286970387000
R,Key.tab, 1650637287030857000
P,'t', 1650637289551816000
R,'t', 1650637289636069000
P,'w', 1650637289842640000
R,'w', 1650637289958196000
P,'i', 1650637290042717000
P,'t', 1650637290134698000
R,'i', 1650637290194629000
R,'t', 1650637290256769000
P,'t', 1650637290697730000
R,'t', 1650637290838967000
P,Key.enter, 1650637291249941000
R,Key.enter, 1650637291334072000
P,Key.cmd, 1650637295588915000
P,Key.tab, 1650637295632741000
R,Key.cmd, 1650637295684832000
R,Key.tab, 1650637295739500000
P,Key.ctrl, 1650637296036650000
P,'c', 1650637298191075000
R,P,Key.cmd, 1650637286850336000, 1650637298194563000
R,P,Key.tab, 1650637286910248000, 1650637298194571000
R,R,Key.cmd, 1650637286970387000, 1650637298194575000
R,R,Key.tab, 1650637287030857000, 1650637298194578000
R,P,'t', 1650637289551816000, 1650637298194580000
R,R,'t', 1650637289636069000, 1650637298194583000
R,P,'w', 1650637289842640000, 1650637298194585000
R,R,'w', 1650637289958196000, 1650637298194588000
R,P,'i', 1650637290042717000, 1650637298194590000
R,P,'t', 1650637290134698000, 1650637298194592000
R,R,'i', 1650637290194629000, 1650637298194595000
R,R,'t', 1650637290256769000, 1650637298194610000
R,P,'t', 1650637290697730000, 1650637298194612000
R,R,'t', 1650637290838967000, 1650637298194615000
R,P,Key.enter, 1650637291249941000, 1650637298194617000
R,R,Key.enter, 1650637291334072000, 1650637298194619000
R,P,Key.cmd, 1650637295588915000, 1650637298194622000
R,P,Key.tab, 1650637295632741000, 1650637298194624000
R,R,Key.cmd, 1650637295684832000, 1650637298194626000
R,R,Key.tab, 1650637295739500000, 1650637298194629000
R,P,Key.ctrl, 1650637296036650000, 1650637298194631000
R,P,'c', 1650637298191075000, 1650637298194634000
R,R,P,Key.cmd, 1650637286850336000, 1650637298194563000, 1650637298194636000
R,R,P,Key.tab, 1650637286910248000, 1650637298194571000, 1650637298194638000
R,R,R,Key.cmd, 1650637286970387000, 1650637298194575000, 1650637298194640000
R,R,R,Key.tab, 1650637287030857000, 1650637298194578000, 1650637298194642000
R,R,P,'t', 1650637289551816000, 1650637298194580000, 1650637298194644000
R,R,R,'t', 1650637289636069000, 1650637298194583000, 1650637298194647000
R,R,P,'w', 1650637289842640000, 1650637298194585000, 1650637298194649000
R,R,R,'w', 1650637289958196000, 1650637298194588000, 1650637298194652000
R,R,P,'i', 1650637290042717000, 1650637298194590000, 1650637298194654000
R,R,P,'t', 1650637290134698000, 1650637298194592000, 1650637298194657000
R,R,R,'i', 1650637290194629000, 1650637298194595000, 1650637298194659000
R,R,R,'t', 1650637290256769000, 1650637298194610000, 1650637298194661000
R,R,P,'t', 1650637290697730000, 1650637298194612000, 1650637298194663000
R,R,R,'t', 1650637290838967000, 1650637298194615000, 1650637298194666000
R,R,P,Key.enter, 1650637291249941000, 1650637298194617000, 1650637298194668000
R,R,R,Key.enter, 1650637291334072000, 1650637298194619000, 1650637298194670000
R,R,P,Key.cmd, 1650637295588915000, 1650637298194622000, 1650637298194672000
R,R,P,Key.tab, 1650637295632741000, 1650637298194624000, 1650637298194673000
R,R,R,Key.cmd, 1650637295684832000, 1650637298194626000, 1650637298194675000
R,R,R,Key.tab, 1650637295739500000, 1650637298194629000, 1650637298194677000
R,R,P,Key.ctrl, 1650637296036650000, 1650637298194631000, 1650637298194679000
R,R,P,'c', 1650637298191075000, 1650637298194634000, 1650637298194683000
R,R,R,P,Key.cmd, 1650637286850336000, 1650637298194563000, 1650637298194636000, 1650637298194686000
R,R,R,P,Key.tab, 1650637286910248000, 1650637298194571000, 1650637298194638000, 1650637298194688000
R,R,R,R,Key.cmd, 1650637286970387000, 1650637298194575000, 1650637298194640000, 1650637298194691000
R,R,R,R,Key.tab, 1650637287030857000, 1650637298194578000, 1650637298194642000, 1650637298194693000
R,R,R,P,'t', 1650637289551816000, 1650637298194580000, 1650637298194644000, 1650637298194695000
R,R,R,R,'t', 1650637289636069000, 1650637298194583000, 1650637298194647000, 1650637298194698000
R,R,R,P,'w', 1650637289842640000, 1650637298194585000, 1650637298194649000, 1650637298194701000
R,R,R,R,'w', 1650637289958196000, 1650637298194588000, 1650637298194652000, 1650637298194711000
R,R,R,P,'i', 1650637290042717000, 1650637298194590000, 1650637298194654000, 1650637298194713000
R,R,R,P,'t', 1650637290134698000, 1650637298194592000, 1650637298194657000, 1650637298194716000
R,R,R,R,'i', 1650637290194629000, 1650637298194595000, 1650637298194659000, 1650637298194760000
R,R,R,R,'t', 1650637290256769000, 1650637298194610000, 1650637298194661000, 1650637298194771000
R,R,R,P,'t', 1650637290697730000, 1650637298194612000, 1650637298194663000, 1650637298194774000
R,R,R,R,'t', 1650637290838967000, 1650637298194615000, 1650637298194666000, 1650637298194776000
