
"Vis" "Haripal"
FACEBOOK
**********************************

"Vis" "Haripal"
FACEBOOK
**********************************
P,Key.esc, 1650309817.228193
R,Key.esc, 1650309817.3253582
P,Key.esc, 1650309818.74419
R,Key.esc, 1650309818.843542
P,Key.cmd, 1650309819.569566
P,Key.tab, 1650309819.645646
R,Key.cmd, 1650309819.7256489
R,Key.tab, 1650309819.797694
P,'f', 1650309832.787345
P,'a', 1650309832.852865
R,'f', 1650309832.876493
R,'a', 1650309832.973387
P,'c', 1650309833.0078468
P,'e', 1650309833.1469681
R,'c', 1650309833.162524
R,'e', 1650309833.250939
P,'b', 1650309833.280472
R,'b', 1650309833.3849752
P,'o', 1650309834.702987
R,'o', 1650309834.786955
P,'o', 1650309834.845626
R,'o', 1650309834.921036
P,'k', 1650309835.004328
R,'k', 1650309835.103599
P,Key.enter, 1650309836.370694
R,Key.enter, 1650309836.443915
P,'f', 1650309866.8432481
R,'f', 1650309866.959254
P,'p', 1650309867.0360389
R,'p', 1650309867.1280792
P,'d', 1650309867.208213
R,'d', 1650309867.2803268
P,'1', 1650309867.77119
R,'1', 1650309867.8672671
P,Key.shift, 1650309869.166383
P,'@', 1650309869.2856572
R,'@', 1650309869.413831
R,Key.shift, 1650309869.4539719
P,'g', 1650309870.595999
P,'m', 1650309870.676142
R,'g', 1650309870.702484
R,'m', 1650309870.795817
P,'a', 1650309870.803623
R,'a', 1650309870.903658
P,'i', 1650309870.918601
R,'i', 1650309871.018673
P,'l', 1650309871.026506
R,'l', 1650309871.1390169
P,'.', 1650309871.717973
R,'.', 1650309871.80608
P,'c', 1650309871.8858519
R,'c', 1650309871.934067
P,'o', 1650309871.990756
P,'m', 1650309872.090555
R,'o', 1650309872.09841
R,'m', 1650309872.199035
P,Key.shift, 1650309875.2139452
R,Key.shift, 1650309875.621793
P,Key.shift, 1650309884.168998
R,Key.shift, 1650309884.512301
P,Key.shift, 1650309885.719593
R,Key.shift, 1650309886.163559
P,Key.cmd, 1650309897.5306802
P,Key.tab, 1650309898.034443
R,Key.tab, 1650309898.1979089
R,Key.cmd, 1650309898.7903
P,Key.tab, 1650309911.6556318
R,Key.tab, 1650309911.78609
P,Key.cmd, 1650309913.443032
R,Key.cmd, 1650309913.525624
P,Key.cmd, 1650309913.6367638
P,Key.tab, 1650309914.1645608
R,Key.tab, 1650309914.3491788
R,Key.cmd, 1650309915.028245
R,<0>, 1650309915.281816
P,Key.cmd, 1650309917.1436641
P,'`', 1650309917.9566798
R,'`', 1650309918.0995982
R,Key.cmd, 1650309919.099842
P,'f', 1650309927.022197
P,'d', 1650309927.191822
R,'d', 1650309927.292147
P,'p', 1650309927.360022
R,'p', 1650309927.4644248
P,'1', 1650309928.302181
R,'1', 1650309928.3940322
P,'s', 1650309929.020488
R,'s', 1650309929.1041238
P,'o', 1650309929.124038
R,'o', 1650309929.2083058
P,'c', 1650309929.321857
P,'a', 1650309929.434135
R,'c', 1650309929.437584
R,'a', 1650309929.534472
P,'i', 1650309929.57089
R,'i', 1650309929.699402
P,'l', 1650309929.7005188
R,'l', 1650309929.847293
P,Key.backspace, 1650309931.1569831
P,Key.backspace, 1650309931.574175
P,Key.backspace, 1650309931.675301
P,Key.backspace, 1650309931.77542
P,Key.backspace, 1650309931.875927
P,Key.backspace, 1650309931.977061
P,Key.backspace, 1650309932.0772438
P,Key.backspace, 1650309932.177365
P,Key.backspace, 1650309932.278544
R,Key.backspace, 1650309932.3171
P,'p', 1650309932.983221
R,'p', 1650309933.0671182
P,'d', 1650309933.185824
R,'d', 1650309933.2821162
P,'1', 1650309933.578186
R,'1', 1650309933.653895
P,'s', 1650309934.248238
R,'s', 1650309934.29602
P,'s', 1650309934.326549
R,'s', 1650309934.415067
P,'o', 1650309934.8408298
R,'o', 1650309934.9531012
P,Key.backspace, 1650309935.2300758
R,Key.backspace, 1650309935.309752
P,Key.backspace, 1650309935.3576288
R,Key.backspace, 1650309935.453919
P,'o', 1650309935.736903
R,'o', 1650309935.816784
P,'c', 1650309935.824229
R,'c', 1650309935.925212
P,'a', 1650309935.960607
R,'a', 1650309936.044928
P,'i', 1650309936.061654
R,'i', 1650309936.166367
P,'l', 1650309936.204601
R,'l', 1650309936.301312
P,Key.backspace, 1650309936.580707
R,Key.backspace, 1650309936.640788
P,Key.backspace, 1650309936.697729
R,Key.backspace, 1650309936.773877
P,Key.backspace, 1650309936.8248162
R,Key.backspace, 1650309936.916836
P,'i', 1650309937.1831071
P,'a', 1650309937.262836
R,'i', 1650309937.274302
R,'a', 1650309937.351104
P,'l', 1650309937.402302
R,'l', 1650309937.466113
P,Key.shift, 1650309937.960819
P,'@', 1650309938.93667
R,'@', 1650309939.036396
R,Key.shift, 1650309939.060967
P,'g', 1650309939.295879
R,'g', 1650309939.3999732
P,'a', 1650309939.414882
P,'m', 1650309939.41587
R,'m', 1650309939.518768
R,'a', 1650309939.522756
P,'i', 1650309939.6724858
R,'i', 1650309939.797081
P,Key.backspace, 1650309940.006356
R,Key.backspace, 1650309940.070532
R,Key.backspace, 1650309940.201222
P,Key.backspace, 1650309940.259538
R,Key.backspace, 1650309940.347893
P,'m', 1650309940.5857239
R,'m', 1650309940.681976
P,'a', 1650309940.700611
R,'a', 1650309940.792715
P,'i', 1650309940.807478
R,'i', 1650309940.899806
P,'l', 1650309940.907238
R,'l', 1650309940.991762
P,'.', 1650309941.5816078
R,'.', 1650309941.649985
P,'c', 1650309941.723723
R,'c', 1650309941.803285
P,'o', 1650309941.8073652
P,'m', 1650309941.879759
R,'o', 1650309941.887511
R,'m', 1650309941.98403
P,Key.shift, 1650309944.558869
R,Key.shift, 1650309944.88273
P,Key.shift, 1650309946.8257139
R,Key.shift, 1650309947.133589
P,'m', 1650309972.989525
P,'y', 1650309973.0882938
R,'m', 1650309973.095982
R,'y', 1650309973.189495
P,'m', 1650309973.2159219
R,'m', 1650309973.308296
P,Key.backspace, 1650309973.714462
R,Key.backspace, 1650309973.810365
P,Key.space, 1650309973.896367
R,Key.space, 1650309973.979719
P,'m', 1650309974.094008
R,'m', 1650309974.2023308
P,'i', 1650309974.247197
P,'n', 1650309974.339297
R,'i', 1650309974.3473659
R,'n', 1650309974.453056
P,'d', 1650309974.678358
P,Key.space, 1650309974.749568
R,'d', 1650309974.753026
R,Key.space, 1650309974.8734279
P,'i', 1650309974.9462988
R,'i', 1650309975.054292
P,'s', 1650309975.0758898
P,Key.space, 1650309975.155468
R,'s', 1650309975.1671429
R,Key.space, 1650309975.2556212
P,'o', 1650309975.39956
R,'o', 1650309975.496209
P,'n', 1650309975.507982
P,Key.space, 1650309975.586821
R,'n', 1650309975.599125
R,Key.space, 1650309975.700442
P,'w', 1650309975.8030841
P,'i', 1650309975.903221
R,'w', 1650309975.904193
R,'i', 1650309975.975494
P,'l', 1650309976.0491579
R,'l', 1650309976.122688
P,'l', 1650309976.1803908
R,'l', 1650309976.266316
P,Key.space, 1650309976.277975
R,Key.space, 1650309976.378452
P,'s', 1650309976.458391
P,'m', 1650309976.543118
R,'s', 1650309976.5471842
R,'m', 1650309976.639251
P,'i', 1650309976.704444
R,'i', 1650309976.78062
P,'t', 1650309976.800672
R,'t', 1650309976.895464
P,'h', 1650309976.913306
R,'h', 1650309976.999386
P,Key.space, 1650309977.046168
R,Key.space, 1650309977.142345
P,'w', 1650309978.089328
R,'w', 1650309978.205354
P,'h', 1650309978.209414
P,'a', 1650309978.313379
P,'t', 1650309978.379065
R,'a', 1650309978.395974
R,'t', 1650309978.488946
P,Key.space, 1650309978.576141
R,Key.space, 1650309978.720352
P,'a', 1650309979.071241
P,Key.space, 1650309979.138617
R,'a', 1650309979.178417
R,Key.space, 1650309979.249134
P,'g', 1650309979.404259
R,'g', 1650309979.499881
P,'u', 1650309979.5115452
R,'u', 1650309979.604939
P,'y', 1650309979.69485
R,'y', 1650309979.7798882
P,'.', 1650309980.549091
R,'.', 1650309980.628108
P,Key.space, 1650309980.631861
R,Key.space, 1650309980.765769
P,'h', 1650309984.417996
R,'h', 1650309984.5098612
P,'o', 1650309984.5111082
R,'o', 1650309984.589938
P,'w', 1650309984.591199
R,'w', 1650309984.6772108
P,Key.space, 1650309984.7136059
R,Key.space, 1650309984.8019059
P,'c', 1650309984.916987
P,'a', 1650309984.935871
P,'n', 1650309985.0240672
R,'c', 1650309985.039825
R,'a', 1650309985.092525
R,'n', 1650309985.136744
P,Key.space, 1650309985.161827
R,Key.space, 1650309985.289967
P,'t', 1650309985.829526
R,'t', 1650309985.86849
P,'y', 1650309986.2022452
P,'o', 1650309986.3374872
R,'y', 1650309986.341825
P,'u', 1650309986.421879
R,'o', 1650309986.476884
R,'u', 1650309986.545971
P,Key.space, 1650309986.547061
R,Key.space, 1650309986.645102
P,Key.backspace, 1650309986.842939
R,Key.backspace, 1650309986.906709
P,Key.space, 1650309987.4009411
R,Key.space, 1650309987.497102
P,'s', 1650309987.573023
P,'l', 1650309987.634155
R,'s', 1650309987.6607912
R,'l', 1650309987.734402
P,'a', 1650309987.934243
P,'p', 1650309988.0047932
R,'a', 1650309988.024574
R,'p', 1650309988.12173
P,Key.space, 1650309988.129659
R,Key.space, 1650309988.245972
P,'s', 1650309988.47967
P,'o', 1650309988.579797
R,'s', 1650309988.611038
P,'m', 1650309988.674926
R,'o', 1650309988.726675
P,'e', 1650309988.779764
R,'m', 1650309988.783942
P,'o', 1650309988.8676538
R,'e', 1650309988.873625
P,'n', 1650309988.962996
R,'o', 1650309988.989301
P,'e', 1650309989.0355031
R,'n', 1650309989.083076
R,'e', 1650309989.1396701
P,Key.space, 1650309989.16577
R,Key.space, 1650309989.299092
P,'f', 1650309989.6617532
R,'f', 1650309989.742014
P,'o', 1650309989.7562299
P,'r', 1650309989.848764
R,'r', 1650309989.928596
P,Key.space, 1650309989.9402921
P,'a', 1650309989.983871
R,Key.space, 1650309990.056187
R,'a', 1650309990.1047838
P,Key.space, 1650309990.154678
R,Key.space, 1650309990.2499251
P,'j', 1650309990.9949708
P,'o', 1650309991.122494
R,'j', 1650309991.13772
P,'k', 1650309991.26273
R,'o', 1650309991.2639308
P,'e', 1650309991.366724
R,'k', 1650309991.3738492
R,'e', 1650309991.451194
P,'.', 1650309992.2615838
R,'.', 1650309992.365963
P,Key.space, 1650309992.3791318
R,Key.space, 1650309992.491528
P,'t', 1650309992.716724
R,'t', 1650309992.776542
P,Key.backspace, 1650309993.199308
R,Key.backspace, 1650309993.270766
P,'w', 1650309993.35855
R,'w', 1650309993.4579031
P,'h', 1650309993.472826
R,'h', 1650309993.5494342
P,'e', 1650309993.55682
R,'e', 1650309993.649635
P,'n', 1650309993.6607099
R,'n', 1650309993.754876
P,Key.space, 1650309993.777372
R,Key.space, 1650309993.8894699
P,'t', 1650309993.9213371
R,'t', 1650309994.004682
P,'h', 1650309994.01632
R,'h', 1650309994.100964
P,'e', 1650309994.127189
R,'e', 1650309994.21859
P,Key.space, 1650309994.245367
R,Key.space, 1650309994.361748
P,'r', 1650309994.634649
P,'e', 1650309994.7386081
R,'r', 1650309994.749451
R,'e', 1650309994.8908072
P,'a', 1650309994.9022899
P,'l', 1650309995.022381
R,'a', 1650309995.0411048
R,'l', 1650309995.114711
P,Key.space, 1650309995.139057
R,Key.space, 1650309995.251565
P,'j', 1650309995.788147
P,'o', 1650309995.88814
R,'j', 1650309995.902575
R,'o', 1650309995.995672
P,'k', 1650309996.015145
R,'k', 1650309996.1353989
P,'e', 1650309996.139485
R,'e', 1650309996.223816
P,Key.space, 1650309996.250131
R,Key.space, 1650309996.354762
P,'i', 1650309996.393263
R,'i', 1650309996.481684
P,'s', 1650309996.5546281
R,'s', 1650309996.646652
P,Key.space, 1650309996.671393
R,Key.space, 1650309996.7713652
P,'y', 1650309996.96539
P,'o', 1650309997.0892239
R,'y', 1650309997.090396
P,'u', 1650309997.14077
R,'o', 1650309997.216853
R,'u', 1650309997.261295
P,'r', 1650309997.3932061
R,'r', 1650309997.4704058
P,Key.space, 1650309997.504559
R,Key.space, 1650309997.617853
P,'m', 1650309997.819318
R,'m', 1650309997.9089222
P,'a', 1650309997.972116
P,'r', 1650309998.1022599
R,'r', 1650309998.1826549
P,'r', 1650309998.238948
R,'r', 1650309998.3234339
P,'i', 1650309998.40638
R,'i', 1650309998.5110989
P,'a', 1650309998.52146
P,'g', 1650309998.630262
R,'a', 1650309998.645278
P,'e', 1650309998.733789
R,'g', 1650309998.7568488
R,'e', 1650309998.8745909
P,'.', 1650309999.887438
R,'.', 1650309999.9635122
P,Key.space, 1650310010.8458502
R,Key.space, 1650310010.930988
P,'g', 1650310011.137287
R,'g', 1650310011.217344
P,'o', 1650310011.236298
R,'o', 1650310011.2882938
P,'o', 1650310011.36707
R,'o', 1650310011.418348
P,'d', 1650310011.772844
R,'d', 1650310011.852436
P,Key.space, 1650310011.874419
R,Key.space, 1650310011.98744
P,'f', 1650310012.1203551
R,'f', 1650310012.2037709
P,'o', 1650310012.254626
R,'o', 1650310012.3705971
P,'r', 1650310012.382747
P,'m', 1650310012.4428182
R,'r', 1650310012.461896
R,'m', 1650310012.569679
P,Key.space, 1650310012.5735419
R,Key.space, 1650310012.6700668
P,'o', 1650310012.7719529
P,'n', 1650310012.872674
R,'o', 1650310012.888288
R,'n', 1650310012.9727612
P,Key.space, 1650310012.973996
R,Key.space, 1650310013.081207
P,'t', 1650310013.214344
R,'t', 1650310013.232956
P,'h', 1650310013.273633
R,'h', 1650310013.374058
P,'e', 1650310013.733824
R,'e', 1650310013.833623
P,Key.space, 1650310013.838155
R,Key.space, 1650310013.958019
P,'s', 1650310013.9755461
R,'s', 1650310014.072024
P,'l', 1650310014.096849
R,'l', 1650310014.18064
P,'a', 1650310014.18491
R,'a', 1650310014.304872
P,'p', 1650310014.322453
R,'p', 1650310014.426962
P,Key.space, 1650310014.441658
R,Key.space, 1650310014.5310998
P,'c', 1650310015.644824
P,'o', 1650310015.7166111
R,'c', 1650310015.7515771
R,'o', 1650310015.804806
P,'u', 1650310015.8714712
R,'u', 1650310015.951916
P,'l', 1650310016.014753
R,'l', 1650310016.094996
P,'d', 1650310016.1747708
R,'d', 1650310016.238509
P,'v', 1650310016.8807502
P,'e', 1650310017.0126662
R,'v', 1650310017.027531
P,Key.space, 1650310017.108594
R,'e', 1650310017.1158888
R,Key.space, 1650310017.200829
P,'b', 1650310017.323516
R,'b', 1650310017.41592
P,'e', 1650310017.416629
R,'e', 1650310017.4719648
P,'n', 1650310017.5975502
R,'e', 1650310017.614582
R,'n', 1650310017.725645
P,Key.space, 1650310017.7377
R,Key.space, 1650310017.84263
P,'h', 1650310017.973633
R,'h', 1650310018.049689
P,'a', 1650310018.0712378
R,'a', 1650310018.159173
P,'n', 1650310018.249606
R,'n', 1650310018.341416
P,'d', 1650310018.386646
R,'d', 1650310018.475738
P,'l', 1650310018.54915
R,'l', 1650310018.629201
P,'e', 1650310018.714874
R,'e', 1650310018.790881
P,'d', 1650310018.8745081
R,'d', 1650310018.995973
P,Key.space, 1650310019.042088
R,Key.space, 1650310019.148354
P,'b', 1650310019.524181
R,'b', 1650310019.616122
P,'e', 1650310019.634571
R,'e', 1650310019.7388191
P,'t', 1650310019.852659
R,'t', 1650310019.916725
P,'t', 1650310019.986197
R,'t', 1650310020.0504918
P,'e', 1650310020.1219242
P,'r', 1650310020.236553
R,'e', 1650310020.240926
R,'r', 1650310020.341032
P,Key.space, 1650310020.4502962
R,Key.space, 1650310020.542332
P,'t', 1650310020.634583
P,'h', 1650310020.689437
R,'t', 1650310020.697404
P,'o', 1650310020.7942998
R,'h', 1650310020.8058822
R,'o', 1650310020.902431
P,Key.backspace, 1650310021.773349
R,Key.backspace, 1650310021.849517
P,'o', 1650310022.354569
R,'o', 1650310022.438496
P,'u', 1650310022.48823
R,'u', 1650310022.56581
P,'g', 1650310022.568182
R,'g', 1650310022.647944
P,'h', 1650310022.672272
R,'h', 1650310022.7439492
P,'.', 1650310022.951524
R,'.', 1650310023.054892
P,Key.space, 1650310023.101177
R,Key.space, 1650310023.1923862
P,'l', 1650310024.029408
R,'l', 1650310024.1019032
P,'i', 1650310024.178524
R,'i', 1650310024.2395751
P,'k', 1650310024.336121
R,'k', 1650310024.416427
P,'e', 1650310024.460715
R,'e', 1650310024.5293922
P,Key.space, 1650310024.54055
R,Key.space, 1650310024.637387
P,'s', 1650310024.766154
R,'s', 1650310024.886209
P,'a', 1650310024.899991
P,'y', 1650310025.019014
R,'a', 1650310025.039385
R,'y', 1650310025.1206
P,'i', 1650310025.139262
R,'i', 1650310025.242922
P,'n', 1650310025.248085
P,'g', 1650310025.348083
R,'n', 1650310025.355285
P,Key.space, 1650310025.431474
R,'g', 1650310025.435468
R,Key.space, 1650310025.527328
P,'n', 1650310025.654036

"Vis" "Haripal"
FACEBOOK
**********************************
P,'f', 1650310998.874421
P,'a', 1650310998.988149
R,'f', 1650310998.988714
R,'a', 1650310999.1163251
P,'c', 1650310999.152664
R,'c', 1650310999.25589
P,'e', 1650310999.2641358
R,'e', 1650310999.3654861
P,'b', 1650311000.085093
R,'b', 1650311000.1523688
P,'o', 1650311000.180108
R,'o', 1650311000.255106
P,'o', 1650311000.312039
R,'o', 1650311000.387051
P,'k', 1650311000.488773
R,'k', 1650311000.544894
P,Key.enter, 1650311000.800807
R,Key.enter, 1650311000.8599098
P,'f', 1650311023.787174
R,'f', 1650311023.877909
P,'a', 1650311023.895573
R,'a', 1650311024.020023
P,'c', 1650311024.048994
R,'c', 1650311024.188781
P,'e', 1650311024.196795
R,'e', 1650311024.304919
P,'b', 1650311025.6253598
R,'b', 1650311025.708073
P,'o', 1650311026.007982
R,'o', 1650311026.09037
P,'o', 1650311026.136651
R,'o', 1650311026.22019
P,'k', 1650311026.325757
R,'k', 1650311026.3890162
P,Key.enter, 1650311026.631994
R,Key.enter, 1650311026.686306
P,'f', 1650311029.580889
R,'f', 1650311029.6682901
P,'p', 1650311029.693363
R,'p', 1650311029.777087
P,'d', 1650311029.820692
R,'d', 1650311029.90484
P,'2', 1650311030.19781
R,'2', 1650311030.277807
P,'s', 1650311031.172608
R,'s', 1650311031.2651641
P,'o', 1650311031.2817311
R,'o', 1650311031.373516
P,'c', 1650311031.708601
R,'c', 1650311031.7844858
P,'i', 1650311031.894217
R,'i', 1650311031.974346
P,'a', 1650311032.031914
R,'a', 1650311032.119622
P,'l', 1650311032.153308
R,'l', 1650311032.2349188
P,Key.shift, 1650311032.4497821
P,'@', 1650311032.697459
R,'@', 1650311032.78179
R,Key.shift, 1650311032.8057542
P,'g', 1650311033.512487
R,'g', 1650311033.596873
P,'m', 1650311033.651102
R,'m', 1650311033.747984
P,'a', 1650311033.797468
R,'a', 1650311033.869788
P,'i', 1650311033.915725
R,'i', 1650311033.9918
P,'l', 1650311034.085185
R,'l', 1650311034.177448
P,'.', 1650311034.423303
R,'.', 1650311034.510815
P,'c', 1650311034.721326
R,'c', 1650311034.798115
P,'p', 1650311034.886223
R,'p', 1650311034.954772
P,Key.backspace, 1650311035.618725
R,Key.backspace, 1650311035.706367
P,'o', 1650311035.939731
P,'m', 1650311036.0352151
R,'m', 1650311036.123413
P,Key.shift, 1650311038.593479
R,Key.shift, 1650311038.945156
P,Key.shift, 1650311042.01051
R,Key.shift, 1650311042.354413
P,Key.shift, 1650311044.9493618
R,Key.shift, 1650311045.2892082
P,Key.shift, 1650311049.9443672
P,'S', 1650311050.173577
R,'S', 1650311050.269037
R,Key.shift, 1650311050.285207
P,'o', 1650311050.539667
R,'o', 1650311050.607379
P,'c', 1650311050.82966
R,'c', 1650311050.9135628
P,'i', 1650311051.132742
R,'i', 1650311051.200298
P,'a', 1650311051.3713012
R,'a', 1650311051.467498
P,'l', 1650311051.5173619
R,'l', 1650311051.589588
P,Key.shift, 1650311052.150244
P,'@', 1650311052.374206
R,'@', 1650311052.490186
R,Key.shift, 1650311052.506293
P,'2', 1650311052.9240682
R,'2', 1650311053.0125299
P,'0', 1650311053.1872818
R,'0', 1650311053.246756
P,'2', 1650311053.620091
R,'2', 1650311053.6921248
P,'2', 1650311053.760073
R,'2', 1650311053.840226
P,Key.shift, 1650311054.3683698
P,'!', 1650311054.6083899
R,'!', 1650311054.708085
R,Key.shift, 1650311054.7444081
P,Key.enter, 1650311055.1125782
R,Key.enter, 1650311055.167114
P,Key.backspace, 1650311063.0418508
R,Key.backspace, 1650311063.105877
P,Key.backspace, 1650311063.14751
R,Key.backspace, 1650311063.223495
P,'d', 1650311063.841316
P,'p', 1650311063.92094
R,'d', 1650311063.9242592
R,'p', 1650311064.001228
P,Key.shift, 1650311066.09122
R,Key.shift, 1650311066.415105
P,Key.shift, 1650311067.643074
R,Key.shift, 1650311068.8989272
P,Key.shift, 1650311070.5755148
R,Key.shift, 1650311070.923813
P,Key.backspace, 1650311100.6536582
R,Key.backspace, 1650311100.71331
P,Key.backspace, 1650311100.757101
R,Key.backspace, 1650311100.825214
P,'p', 1650311101.260266
R,'p', 1650311101.3284009
P,'d', 1650311101.3472059
R,'d', 1650311101.419539
P,Key.shift, 1650311103.399552
R,Key.shift, 1650311103.6673348
P,Key.shift, 1650311104.8395069
R,Key.shift, 1650311105.147305
P,'f', 1650311191.232673
R,'f', 1650311191.356023
P,'a', 1650311191.382849
R,'a', 1650311191.51617
P,'c', 1650311191.574454
R,'c', 1650311191.675055
P,'e', 1650311191.709462
R,'e', 1650311191.809153
P,'b', 1650311191.8813891
R,'b', 1650311191.979222
P,'o', 1650311192.214777
R,'o', 1650311192.285589
P,'o', 1650311192.333644
R,'o', 1650311192.420573
P,'k', 1650311192.50947
P,Key.enter, 1650311192.771051
R,Key.enter, 1650311192.826283
P,'f', 1650311195.680397
R,'f', 1650311195.768474
P,'p', 1650311195.9694688
R,'p', 1650311196.061506
P,'d', 1650311196.217047
R,'d', 1650311196.305001
P,'2', 1650311196.907648
R,'2', 1650311197.027408
P,Key.shift, 1650311197.685157
P,'@', 1650311197.977155
R,'@', 1650311198.09307
R,Key.shift, 1650311198.129627
P,'s', 1650311198.592522
R,'s', 1650311198.700211
P,'o', 1650311198.7541199
R,'o', 1650311198.842422
P,Key.backspace, 1650311199.276294
R,Key.backspace, 1650311199.344328
P,Key.backspace, 1650311199.3960378
R,Key.backspace, 1650311199.472499
P,Key.backspace, 1650311199.7998972
R,Key.backspace, 1650311199.868661
P,'s', 1650311200.1838431
R,'s', 1650311200.284242
P,'o', 1650311200.362119
R,'o', 1650311200.446309
P,'c', 1650311200.637307
R,'c', 1650311200.705499
P,'i', 1650311201.105453
R,'i', 1650311201.197026
P,'a', 1650311201.2681332
R,'a', 1650311201.371837
P,'l', 1650311201.3762162
R,'l', 1650311201.472547
P,Key.shift, 1650311201.635912
P,'@', 1650311201.9563231
R,'@', 1650311202.055848
R,Key.shift, 1650311202.1282408
P,'g', 1650311202.4740648
R,'g', 1650311202.5702138
P,'m', 1650311202.581985
R,'m', 1650311202.690027
P,'a', 1650311202.726805
P,'i', 1650311202.834848
R,'a', 1650311202.8420732
R,'i', 1650311202.926841
P,'l', 1650311202.9388428
R,'l', 1650311203.0703292
P,'.', 1650311203.421111
R,'.', 1650311203.5012531
P,'c', 1650311203.6098402
R,'c', 1650311203.7021801
P,'o', 1650311203.738126
P,'m', 1650311203.830071
R,'o', 1650311203.833476
R,'m', 1650311203.922126
P,Key.shift, 1650311205.372376
R,Key.shift, 1650311205.7113569
P,Key.shift, 1650311207.114264
R,Key.shift, 1650311207.8100128
P,'t', 1650311222.564033
R,'t', 1650311222.6146402
P,'h', 1650311222.618531
R,'h', 1650311222.7401001
P,Key.backspace, 1650311223.177324
R,Key.backspace, 1650311223.219852
P,Key.backspace, 1650311223.309818
R,Key.backspace, 1650311223.37795
P,Key.backspace, 1650311223.440681
R,Key.backspace, 1650311223.5046568
P,'m', 1650311223.739284
R,'m', 1650311223.823159
P,'y', 1650311223.899997
P,Key.space, 1650311224.007068
R,'y', 1650311224.0105731
R,Key.space, 1650311224.0908768
P,'m', 1650311224.143688
R,'m', 1650311224.269273
R,'i', 1650311224.3663738
P,'n', 1650311224.387676
R,'n', 1650311224.469307
P,'d', 1650311224.546911
R,'d', 1650311224.636483
P,Key.space, 1650311224.652909
R,Key.space, 1650311224.748943
P,'i', 1650311224.806578
R,'i', 1650311224.9148622
P,'s', 1650311224.972652
P,Key.space, 1650311225.045061
R,'s', 1650311225.0601768
R,Key.space, 1650311225.153204
P,'o', 1650311225.3028631
R,'o', 1650311225.3862212
P,'n', 1650311225.4006
R,'n', 1650311225.488523
P,Key.space, 1650311225.492469
R,Key.space, 1650311225.620821
P,'b', 1650311225.8967302
R,'b', 1650311225.9160461
P,'i', 1650311226.041881
R,'i', 1650311226.1300008
P,'d', 1650311226.152919
R,'d', 1650311226.216966
P,'e', 1650311226.285831
R,'e', 1650311226.355913
P,'n', 1650311226.356638
R,'n', 1650311226.440762
P,Key.space, 1650311226.458349
R,Key.space, 1650311226.552958
P,'b', 1650311226.685813
R,'b', 1650311226.765298
P,'o', 1650311226.792338
P,'w', 1650311226.872489
R,'o', 1650311226.8878021
R,'w', 1650311226.960972
P,Key.backspace, 1650311227.3239198
R,Key.backspace, 1650311227.3791091
P,Key.backspace, 1650311227.448549
R,Key.backspace, 1650311227.5195498
P,Key.backspace, 1650311227.564828
R,Key.backspace, 1650311227.6454148
P,'n', 1650311227.813832
P,'o', 1650311227.886501
R,'n', 1650311227.902422
R,'o', 1650311227.988846
P,'w', 1650311227.98943
R,'w', 1650311228.066043
P,Key.space, 1650311228.0860019
R,Key.space, 1650311228.181802
P,Key.backspace, 1650311228.472971
R,Key.backspace, 1650311228.544374
P,'.', 1650311228.787821
R,'.', 1650311228.854057
P,Key.space, 1650311228.863821
R,Key.space, 1650311228.948318
P,'m', 1650311230.45983
R,'m', 1650311230.54782
P,'a', 1650311230.552823
P,'n', 1650311230.643639
R,'a', 1650311230.652939
R,'n', 1650311230.715971
P,'y', 1650311230.820174
R,'y', 1650311230.923758
P,Key.space, 1650311230.9573498
R,Key.space, 1650311231.037924
P,'p', 1650311231.3445451
R,'p', 1650311231.4242449
P,'e', 1650311231.456154
P,'o', 1650311231.516717
R,'e', 1650311231.539583
R,'o', 1650311231.603498
P,'p', 1650311231.63747
P,'l', 1650311231.7297668
R,'p', 1650311231.737101
P,'e', 1650311231.853636
R,'l', 1650311231.86891
R,'e', 1650311231.917238
P,Key.space, 1650311231.925051
P,'b', 1650311263.757441
R,'b', 1650311263.813907
P,'e', 1650311263.886744
P,'l', 1650311263.947287
R,'e', 1650311263.957983
R,'l', 1650311264.0383081
P,'i', 1650311264.1244721
R,'i', 1650311264.1596742
P,'e', 1650311264.252265
R,'e', 1650311264.35309
P,'v', 1650311264.391577
P,'e', 1650311264.503554
R,'v', 1650311264.550415
R,'e', 1650311264.61969
P,Key.space, 1650311264.673727
R,Key.space, 1650311264.7533529
P,'h', 1650311265.175211
R,'h', 1650311265.27483
P,'e', 1650311265.395712
R,'e', 1650311265.4836469
P,Key.space, 1650311265.4994051
R,Key.space, 1650311265.6079512
P,'i', 1650311265.746664
R,'i', 1650311265.829688
P,'s', 1650311265.85043
R,'s', 1650311265.923268
P,Key.space, 1650311265.927145
R,Key.space, 1650311266.026813
P,'h', 1650311266.2980008
R,'h', 1650311266.385856
P,'e', 1650311266.4126568
P,Key.space, 1650311266.492357
R,'e', 1650311266.504118
R,Key.space, 1650311266.6008441
P,'4', 1650311269.768652
R,'4', 1650311269.8488681
P,'8', 1650311269.867517
R,'8', 1650311269.964993
P,'t', 1650311270.062537
R,'t', 1650311270.1427588
P,'h', 1650311270.170919
R,'h', 1650311270.262829
P,Key.space, 1650311270.306595
R,Key.space, 1650311270.394757
P,'p', 1650311271.001585
R,'p', 1650311271.081711
P,'r', 1650311271.082751
P,'e', 1650311271.175
R,'r', 1650311271.204363
P,'s', 1650311271.345557
R,'e', 1650311271.353062
R,'s', 1650311271.445774
P,'i', 1650311271.556584
R,'i', 1650311271.6412082
P,'d', 1650311271.664588
R,'d', 1650311271.752525
P,'e', 1650311271.837627
R,'e', 1650311271.916984
P,'n', 1650311271.9418392
R,'n', 1650311272.025312
P,'t', 1650311272.084259
R,'t', 1650311272.135681
P,Key.space, 1650311272.176977
R,Key.space, 1650311272.2657359
P,Key.backspace, 1650311272.809448
R,Key.backspace, 1650311272.885963
P,'.', 1650311273.075399
R,'.', 1650311273.151851
P,Key.space, 1650311273.197286
R,Key.space, 1650311273.289718
P,'i', 1650311273.574991
R,'i', 1650311273.6750531
P,Key.space, 1650311273.688102
R,Key.space, 1650311273.771473
P,'b', 1650311273.866495
R,'b', 1650311273.923713
P,'l', 1650311273.988686
R,'l', 1650311274.0853581
P,'i', 1650311274.162905
R,'i', 1650311274.2224069
R,'e', 1650311274.3585038
P,'b', 1650311274.4324548
R,'b', 1650311274.511429
P,'e', 1650311274.535882
R,'e', 1650311274.611371
P,Key.backspace, 1650311274.884159
R,Key.backspace, 1650311274.945157
P,Key.backspace, 1650311274.998416
R,Key.backspace, 1650311275.070144
P,Key.backspace, 1650311275.125041
R,Key.backspace, 1650311275.196822
P,Key.backspace, 1650311275.2594519
R,Key.backspace, 1650311275.319545
P,Key.backspace, 1650311275.3686578
R,Key.backspace, 1650311275.42833
P,'e', 1650311275.7578292
R,'e', 1650311275.845632
P,'l', 1650311275.9176362
R,'l', 1650311276.0094762
P,'i', 1650311276.205236
R,'i', 1650311276.274276
P,'v', 1650311276.355372
R,'v', 1650311276.4161081
P,'e', 1650311276.418129
P,'v', 1650311276.555341
R,'e', 1650311276.570529
R,'v', 1650311276.638745
P,Key.backspace, 1650311277.230266
R,Key.backspace, 1650311277.2892249
P,Key.backspace, 1650311277.367282
R,Key.backspace, 1650311277.422411
P,Key.backspace, 1650311277.5143318
R,Key.backspace, 1650311277.5594418
P,'e', 1650311278.3127182
R,'e', 1650311278.384158
P,'v', 1650311278.3929029
P,'e', 1650311278.4409301
R,'e', 1650311278.468287
R,'v', 1650311278.5655339
P,'e', 1650311278.60164
R,'e', 1650311278.685438
P,Key.backspace, 1650311279.2061708
R,Key.backspace, 1650311279.2867641
P,Key.space, 1650311279.3850539
R,Key.space, 1650311279.473944
P,'h', 1650311279.9022248
P,'e', 1650311279.981389
R,'h', 1650311279.992778
R,'e', 1650311280.0464299
P,Key.space, 1650311280.078048
R,Key.space, 1650311280.1661298
P,'i', 1650311280.2495449
R,'i', 1650311280.349004
P,'s', 1650311280.356525
R,'s', 1650311280.453164
P,Key.space, 1650311280.4728231
R,Key.space, 1650311280.5614002
P,'h', 1650311280.6942148
R,'h', 1650311280.774509
P,Key.backspace, 1650311281.0348952
R,Key.backspace, 1650311281.103868
P,'t', 1650311281.163918
R,'t', 1650311281.236435
P,'h', 1650311281.2659788
R,'h', 1650311281.349309
P,'e', 1650311281.37879
R,'e', 1650311281.4685152
P,Key.space, 1650311281.500952
R,Key.space, 1650311281.584566
P,'f', 1650311281.768072
R,'f', 1650311281.8315809
P,'i', 1650311281.873844
P,'r', 1650311281.949839
R,'i', 1650311281.9611578
R,'r', 1650311282.0302331
P,'s', 1650311282.1131468
P,'t', 1650311282.196782
R,'s', 1650311282.203886
R,'t', 1650311282.289118
P,'.', 1650311282.703361
P,Key.space, 1650311282.795548
R,Key.space, 1650311282.873086
P,'a', 1650311291.42146
R,'a', 1650311291.498187
P,Key.space, 1650311291.499273
R,Key.space, 1650311291.6188831
P,'w', 1650311291.733818
R,'w', 1650311291.813518
P,'i', 1650311291.908158
R,'i', 1650311291.989036
P,'s', 1650311292.089395
R,'s', 1650311292.1926599
P,'e', 1650311292.2344801
R,'e', 1650311292.3420491
P,Key.space, 1650311292.350166
R,Key.space, 1650311292.442687
P,'o', 1650311292.733393
R,'o', 1650311292.829751
P,'n', 1650311292.842742
R,'n', 1650311292.9387012
P,'=', 1650311293.703881
R,'=', 1650311293.75581
P,'=', 1650311293.845697
P,Key.backspace, 1650311293.849961
R,Key.backspace, 1650311293.872489
R,'=', 1650311293.900918
P,Key.backspace, 1650311294.150712
R,Key.backspace, 1650311294.216199
P,Key.backspace, 1650311294.262618
R,Key.backspace, 1650311294.342187
P,Key.backspace, 1650311294.386875
R,Key.backspace, 1650311294.46259
P,'m', 1650311294.816177
R,'m', 1650311294.884118
P,'a', 1650311294.899473
R,'a', 1650311294.97639
P,'n', 1650311294.990656
R,'n', 1650311295.0557382
P,Key.space, 1650311295.0994508
R,Key.space, 1650311295.211797
P,'o', 1650311295.335653
R,'o', 1650311295.419901
P,'n', 1650311295.439798
R,'n', 1650311295.543742
P,'c', 1650311295.601742
P,'e', 1650311295.664683
R,'c', 1650311295.7109911
R,'e', 1650311295.77756
P,Key.space, 1650311295.7853801
R,Key.space, 1650311295.881664
P,'s', 1650311296.0242932
R,'s', 1650311296.128758
P,'a', 1650311296.163685
P,'i', 1650311296.267617
R,'a', 1650311296.27311
P,'d', 1650311296.367473
R,'i', 1650311296.375204
P,Key.space, 1650311296.4466581
R,'d', 1650311296.466403
R,Key.space, 1650311296.575022
P,'b', 1650311299.656409
R,'b', 1650311299.74444
P,'i', 1650311299.849349
R,'i', 1650311299.929659
P,'d', 1650311299.963468
R,'d', 1650311300.027659
P,'e', 1650311300.119606
P,'n', 1650311300.15829
R,'e', 1650311300.186099
R,'n', 1650311300.259629
P,Key.space, 1650311300.369526
R,Key.space, 1650311300.473417
P,'2', 1650311300.89327
R,'2', 1650311300.981626
P,'0', 1650311301.084434
R,'0', 1650311301.188193
P,'2', 1650311301.22819
R,'2', 1650311301.271497
P,'0', 1650311301.287296
R,'0', 1650311301.359503
R,Key.space, 1650311302.552565
P,'a', 1650311303.174291
P,'n', 1650311303.229135
R,'a', 1650311303.268818
R,'n', 1650311303.322172
P,'d', 1650311303.329825
P,Key.space, 1650311303.4099991
R,'d', 1650311303.4289842
R,Key.space, 1650311303.5144162
P,'t', 1650311303.625649
R,'t', 1650311303.692738
P,'h', 1650311303.6964831
R,'h', 1650311303.7883909
P,'a', 1650311303.948032
P,'t', 1650311304.003062
R,'a', 1650311304.051548
R,'t', 1650311304.052325
P,Key.space, 1650311304.629338
R,Key.space, 1650311304.721243
P,'m', 1650311304.798443
P,'a', 1650311304.894024
R,'m', 1650311304.909653
R,'a', 1650311305.010599
P,'n', 1650311305.02776
R,'n', 1650311305.0997329
P,Key.space, 1650311305.119246
R,Key.space, 1650311305.2592971
P,'w', 1650311305.578155
P,'a', 1650311305.6984582
R,'w', 1650311305.7171478
P,'s', 1650311305.8053288
R,'a', 1650311305.8483148
P,Key.space, 1650311305.855963
R,'s', 1650311305.8804622
R,Key.space, 1650311305.9544199
P,'m', 1650311306.042263
R,'m', 1650311306.155141
P,'e', 1650311306.1838589
R,'e', 1650311306.264652
P,'.', 1650311306.810695
R,'.', 1650311306.8767529
P,Key.space, 1650311306.889389
R,Key.space, 1650311307.002225
P,'a', 1650311309.623053
R,'a', 1650311309.694597
P,Key.space, 1650311309.698753
R,Key.space, 1650311309.799018
P,'g', 1650311309.836239
R,'g', 1650311309.936136
P,'r', 1650311310.040926
P,'e', 1650311310.11266
R,'r', 1650311310.139725
R,'e', 1650311310.26082
P,'a', 1650311310.265088
R,'a', 1650311310.397452
P,'t', 1650311310.47118
P,Key.space, 1650311310.478683
R,'t', 1650311310.5419111
R,Key.space, 1650311310.5740001
P,'s', 1650311311.2748349
P,'p', 1650311311.355094
R,'s', 1650311311.370076
R,'p', 1650311311.455132
P,'e', 1650311311.503967
R,'e', 1650311311.59634
P,'e', 1650311311.672286
R,'e', 1650311311.703011
P,'c', 1650311311.904853
R,'c', 1650311311.993042
P,'h', 1650311312.017733
R,'h', 1650311312.097916
P,Key.space, 1650311312.10507
R,Key.space, 1650311312.209087
P,'g', 1650311313.0472891
R,'g', 1650311313.134808
P,'i', 1650311313.138052
R,'i', 1650311313.209826
P,'v', 1650311313.269731
P,'e', 1650311313.317399
R,'v', 1650311313.3589408

"Vis" "Haripal"
FACEBOOK
**********************************
P,Key.cmd, 1650312051.4927602
P,Key.tab, 1650312051.626278
R,Key.tab, 1650312051.815159
P,Key.tab, 1650312053.6213162
R,Key.tab, 1650312053.798198
P,Key.tab, 1650312053.978262
R,Key.tab, 1650312054.14221
R,Key.cmd, 1650312054.174688
R,<0>, 1650312054.4342248
P,Key.backspace, 1650312073.410317
R,Key.backspace, 1650312073.490279
P,'f', 1650312075.383863
P,'a', 1650312075.4679549
R,'f', 1650312075.479808
P,'c', 1650312075.610479
R,'a', 1650312075.616829
R,'c', 1650312075.733431
P,'e', 1650312075.779357
R,'e', 1650312075.883445
P,'b', 1650312075.923928
R,'b', 1650312076.011761
P,'o', 1650312076.478176
R,'o', 1650312076.545504
P,'o', 1650312076.6081579
R,'o', 1650312076.671734
P,'k', 1650312076.7869031
R,'k', 1650312076.842725
P,Key.enter, 1650312077.0300438
R,Key.enter, 1650312077.117366
P,'f', 1650312080.481686
R,'f', 1650312080.578111
P,'p', 1650312080.590015
R,'p', 1650312080.65803
P,'d', 1650312080.665601
R,'d', 1650312080.770159
P,'3', 1650312081.3940952
R,'3', 1650312081.450052
P,Key.shift, 1650312082.1787589
P,'@', 1650312082.379211
R,Key.shift, 1650312082.470647
R,'2', 1650312082.4818811
P,Key.backspace, 1650312083.052869
R,Key.backspace, 1650312083.125035
P,'s', 1650312083.332042
R,'s', 1650312083.424007
P,'o', 1650312083.506668
R,'o', 1650312083.567022
P,'c', 1650312084.052723
R,'c', 1650312084.15376
P,'i', 1650312084.3009899
R,'i', 1650312084.396926
P,'a', 1650312084.446707
R,'a', 1650312084.519118
P,'l', 1650312084.560648
R,'l', 1650312084.63291
P,Key.shift, 1650312084.7353249
P,'@', 1650312085.0116549
R,'@', 1650312085.08788
R,Key.shift, 1650312085.140179
P,'g', 1650312085.3772511
R,'g', 1650312085.4770749
P,'m', 1650312085.50099
R,'m', 1650312085.601469
P,'a', 1650312085.641792
R,'a', 1650312085.736866
P,'i', 1650312085.745419
R,'i', 1650312085.825411
P,'l', 1650312085.847523
R,'l', 1650312085.947797
P,'.', 1650312086.3200939
R,'.', 1650312086.400095
P,'c', 1650312086.5190148
R,'c', 1650312086.599328
P,'o', 1650312086.656794
P,'m', 1650312086.756922
R,'o', 1650312086.775872
R,'m', 1650312086.833202
P,Key.shift, 1650312089.1440609
R,Key.shift, 1650312089.551122
P,Key.shift, 1650312091.033432
P,'n', 1650312132.3396852
P,'o', 1650312132.421626
R,'n', 1650312132.4443321
R,'o', 1650312132.5259671
P,'w', 1650312132.529844
P,Key.space, 1650312132.615006
R,'w', 1650312132.6232908
R,Key.space, 1650312132.7228491
P,'m', 1650312132.8577778
R,'m', 1650312132.941649
P,'y', 1650312133.517189
R,'y', 1650312133.598043
P,Key.space, 1650312133.640428
R,Key.space, 1650312133.7486389
P,'m', 1650312133.850711
R,'m', 1650312133.950718
P,'i', 1650312133.9584708
R,'i', 1650312134.040001
P,'n', 1650312134.065383
R,'n', 1650312134.166074
P,'d', 1650312134.194714
P,Key.space, 1650312134.258098
R,'d', 1650312134.265701
R,Key.space, 1650312134.357398
P,'i', 1650312134.3901381
P,'n', 1650312134.506486
R,'i', 1650312134.513035
R,'n', 1650312134.5566878
P,Key.backspace, 1650312134.836832
R,Key.backspace, 1650312134.912939
P,'s', 1650312134.948357
R,'s', 1650312135.0288498
P,Key.space, 1650312135.0437791
R,Key.space, 1650312135.128843
P,'o', 1650312135.307001
P,'n', 1650312135.411598
R,'o', 1650312135.4128718
R,'n', 1650312135.495414
P,Key.space, 1650312135.4962502
R,Key.space, 1650312135.595871
P,'c', 1650312135.847357
R,'c', 1650312135.915093
P,'o', 1650312135.9160268
R,'o', 1650312135.9840882
P,'a', 1650312136.008268
P,'c', 1650312136.0973
R,'a', 1650312136.116745
P,'h', 1650312136.2094631
R,'c', 1650312136.216945
R,'h', 1650312136.293697
P,Key.space, 1650312136.297002
R,Key.space, 1650312136.409048
P,'c', 1650312136.674253
R,'c', 1650312136.779098
P,'a', 1650312136.823402
R,'a', 1650312136.899893
P,'r', 1650312137.201003
R,'r', 1650312137.2856371
P,'t', 1650312137.377745
R,'t', 1650312137.433575
P,'e', 1650312137.478854
P,'r', 1650312137.6275961
R,'e', 1650312137.646236
R,'r', 1650312137.727684
P,',', 1650312137.839829
R,',', 1650312137.979012
P,Key.space, 1650312138.03382
R,Key.space, 1650312138.113067
P,'a', 1650312138.262629
R,'a', 1650312138.357447
P,'n', 1650312138.3728378
R,'n', 1650312138.4501
P,Key.space, 1650312138.5003772
R,Key.space, 1650312138.576152
P,'i', 1650312138.719668
R,'i', 1650312138.8121312
P,'n', 1650312138.812922
R,'n', 1650312138.88893
P,'s', 1650312138.97644
R,'s', 1650312139.0515049
R,'p', 1650312139.4180129
P,'r', 1650312139.50132
R,'r', 1650312139.576742
P,'i', 1650312139.6351008
R,'i', 1650312139.7070851
P,'a', 1650312139.882708
R,'a', 1650312140.038522
P,'t', 1650312140.271969
R,'t', 1650312140.318518
P,'i', 1650312140.365642
R,'i', 1650312140.458632
P,Key.backspace, 1650312140.7165802
R,Key.backspace, 1650312140.7726169
P,Key.backspace, 1650312140.842057
R,Key.backspace, 1650312140.905876
P,Key.backspace, 1650312140.9671838
R,Key.backspace, 1650312141.041472
P,Key.backspace, 1650312141.1080582
R,Key.backspace, 1650312141.188127
P,Key.backspace, 1650312141.824492
R,Key.backspace, 1650312141.884353
P,'i', 1650312143.637391
R,'i', 1650312143.708846
P,'r', 1650312143.785495
R,'r', 1650312143.8453708
P,'a', 1650312144.2284632
R,'a', 1650312144.338958
P,'t', 1650312144.3428469
R,'t', 1650312144.4521751
P,'i', 1650312144.475224
P,'o', 1650312144.546263
R,'i', 1650312144.578905
P,'n', 1650312144.628122
R,'o', 1650312144.67023
R,'n', 1650312144.727398
P,'a', 1650312144.769409
R,'a', 1650312144.841674
P,'l', 1650312144.8834639
R,'l', 1650312144.946503
P,Key.space, 1650312144.9781299
R,Key.space, 1650312145.079454
P,'m', 1650312145.959185
R,'m', 1650312146.055285
P,'o', 1650312146.0562592
R,'o', 1650312146.1352901
P,'v', 1650312146.1852858
R,'v', 1650312146.309044
P,'i', 1650312146.317075
R,'i', 1650312146.400697
P,'e', 1650312146.4044201
R,'e', 1650312146.5006862
P,Key.space, 1650312146.5281951
R,Key.space, 1650312146.632329
P,'a', 1650312146.9054751
R,'a', 1650312146.996274
P,'b', 1650312147.0189629
R,'b', 1650312147.071456
P,'o', 1650312147.108025
R,'o', 1650312147.2162292
P,'u', 1650312147.256324
R,'u', 1650312147.320514
P,'t', 1650312147.375005
P,Key.space, 1650312147.442034
R,'t', 1650312147.4460669
R,Key.space, 1650312147.5509481
P,Key.space, 1650312147.7750661
P,'a', 1650312147.787284
R,'a', 1650312147.903167
R,Key.space, 1650312147.9349818
P,Key.backspace, 1650312148.242211
R,Key.backspace, 1650312148.2932322
P,Key.backspace, 1650312148.350351
R,Key.backspace, 1650312148.4303548
P,Key.backspace, 1650312148.482961
R,Key.backspace, 1650312148.5648289
P,'a', 1650312148.841225
P,Key.space, 1650312148.904962
R,'a', 1650312148.928776
R,Key.space, 1650312149.006655
P,'g', 1650312149.474136
P,'r', 1650312149.747961
R,'r', 1650312149.840214
P,'o', 1650312150.025447
P,'u', 1650312150.174248
R,'o', 1650312150.1898491
R,'u', 1650312150.290339
P,Key.space, 1650312150.440116
R,Key.space, 1650312150.527225
P,Key.backspace, 1650312150.827143
R,Key.backspace, 1650312150.908399
P,Key.space, 1650312151.3350961
R,Key.space, 1650312151.398206
P,'o', 1650312151.519402
R,'o', 1650312151.6066601
P,'f', 1650312151.64649
P,Key.space, 1650312151.7148821
R,'f', 1650312151.726124
R,Key.space, 1650312151.8115468
P,'u', 1650312152.640969
R,'u', 1650312152.720386
P,'n', 1650312152.820278
R,'n', 1650312152.907098
P,'d', 1650312152.936312
R,'d', 1650312153.008002
P,'e', 1650312153.0788312
R,'e', 1650312153.209949
P,'r', 1650312153.217131
R,'r', 1650312153.339956
P,'a', 1650312153.606567
R,'a', 1650312153.692688
P,'c', 1650312153.987241
R,'c', 1650312154.066464
P,'h', 1650312154.130582
P,'i', 1650312154.211396
R,'h', 1650312154.226495
R,'i', 1650312154.324507
P,'e', 1650312154.356512
R,'e', 1650312154.451099
P,'v', 1650312154.566228
R,'v', 1650312154.641441
P,'i', 1650312154.648675
P,'n', 1650312154.746092
R,'i', 1650312154.7624052
R,'n', 1650312154.850045
P,'g', 1650312154.861821
R,'g', 1650312154.9572322
P,Key.space, 1650312154.9591591
R,Key.space, 1650312155.056732
P,'s', 1650312155.202754
R,'s', 1650312155.274249
P,'t', 1650312155.389845
R,'t', 1650312155.452571
P,'u', 1650312155.620348
R,'u', 1650312155.690037
P,'d', 1650312155.759865
R,'d', 1650312155.824575
P,'e', 1650312155.907507
R,'e', 1650312155.983752
P,'n', 1650312156.0606022
R,'n', 1650312156.137068
P,'t', 1650312156.583906
R,'t', 1650312156.6738
P,'s', 1650312156.84028
R,'s', 1650312156.945687
P,Key.space, 1650312159.752861
R,Key.space, 1650312159.880703
P,'w', 1650312169.338263
R,'w', 1650312169.395736
P,'h', 1650312169.396673
P,'o', 1650312169.4557068
R,'h', 1650312169.4903731
R,'o', 1650312169.571667
P,Key.space, 1650312169.5913448
R,Key.space, 1650312169.695621
P,'a', 1650312170.506154
R,'a', 1650312170.61335
P,'r', 1650312170.729378
P,'e', 1650312170.825356
R,'r', 1650312170.8602371
R,'e', 1650312170.9407082
R,Key.space, 1650312171.066205
P,'c', 1650312171.15738
P,'o', 1650312171.221428
R,'c', 1650312171.244121
R,'o', 1650312171.313601
P,'n', 1650312171.372994
R,'n', 1650312171.437839
P,'n', 1650312171.491324
R,'n', 1650312171.558759
P,'e', 1650312171.5965939
R,'e', 1650312171.681497
P,'c', 1650312171.827392
R,'c', 1650312171.864416
P,'t', 1650312172.0974662
R,'t', 1650312172.1365938
P,'e', 1650312172.169486
R,'e', 1650312172.27748
P,'d', 1650312172.45157
R,'d', 1650312172.5190852
P,Key.space, 1650312172.589268
R,Key.space, 1650312172.6934779
P,'t', 1650312173.901175
R,'t', 1650312173.9245162
P,'h', 1650312173.9568582
R,'h', 1650312174.058357
P,'r', 1650312174.672771
R,'r', 1650312174.7482922
P,'o', 1650312174.772216
R,'o', 1650312174.860517
P,'u', 1650312174.894378
P,'g', 1650312174.9902458
R,'u', 1650312174.991471
R,'g', 1650312175.069908
P,'h', 1650312175.103167
R,'h', 1650312175.179339
P,Key.space, 1650312175.19799
R,Key.space, 1650312175.310504
P,'b', 1650312175.6064231
P,'a', 1650312175.661824
R,'b', 1650312175.673245
R,'a', 1650312175.791126
P,'s', 1650312175.8218791
R,'s', 1650312175.9413671
P,'k', 1650312175.9864829
P,'e', 1650312176.0614479
R,'k', 1650312176.076926
R,'e', 1650312176.1618738
P,'t', 1650312176.2735791
R,'t', 1650312176.370525
P,'b', 1650312176.727298
R,'b', 1650312176.758403
P,'a', 1650312177.7426612
R,'a', 1650312177.842064
P,'l', 1650312177.8550458
R,'l', 1650312177.925926
P,'l', 1650312177.9944
R,'l', 1650312178.058707
P,Key.space, 1650312178.852445
R,Key.space, 1650312178.968352
P,'a', 1650312179.005064
R,'a', 1650312179.10162
P,'t', 1650312179.1641998
R,'t', 1650312179.267873
P,Key.space, 1650312179.275153
R,Key.space, 1650312179.363909
P,'t', 1650312179.388553
R,'t', 1650312179.456379
P,'h', 1650312179.47958
R,'h', 1650312179.572447
P,'e', 1650312179.618166
P,'i', 1650312179.660942
R,'e', 1650312179.6686919
R,'i', 1650312179.766258
P,'r', 1650312179.7823071
R,'r', 1650312179.85918
P,Key.space, 1650312179.888335
R,Key.space, 1650312180.001594
P,'h', 1650312180.3456252
R,'h', 1650312180.426239
P,'i', 1650312180.4853592
P,'g', 1650312180.65414
R,'g', 1650312180.754296
P,'h', 1650312180.777081
R,'h', 1650312180.857325
P,Key.space, 1650312181.1182551
R,Key.space, 1650312181.197854
P,Key.backspace, 1650312181.479805
R,Key.backspace, 1650312181.539042
P,'s', 1650312181.623256
R,'s', 1650312181.710461
P,'c', 1650312181.749886
R,'c', 1650312181.824944
P,'h', 1650312182.2101262
R,'h', 1650312182.313885
P,'o', 1650312182.4850712
R,'o', 1650312182.560339
P,'o', 1650312182.598754
R,'o', 1650312182.684685
P,'l', 1650312182.7665
R,'l', 1650312182.853935
P,'.', 1650312183.697991
R,'.', 1650312183.774282
P,Key.space, 1650312183.780946
R,Key.space, 1650312183.861714
P,'a', 1650312194.135956
P,'f', 1650312194.197149
R,'a', 1650312194.2238688
R,'f', 1650312194.296999
P,'r', 1650312194.469582
R,'r', 1650312194.565232
P,'o', 1650312194.608298
R,'o', 1650312194.700468
P,Key.space, 1650312194.734205
R,Key.space, 1650312194.834616
P,'k', 1650312195.144675
R,'k', 1650312195.223344
P,'i', 1650312195.323978
R,'i', 1650312195.385329
P,'d', 1650312195.42721
R,'d', 1650312195.512346
P,Key.space, 1650312195.5282838
R,Key.space, 1650312195.6413598
P,'m', 1650312196.679635
R,'m', 1650312196.790936
P,'a', 1650312196.802806
P,'d', 1650312196.883549
R,'a', 1650312196.909719
R,'d', 1650312196.9674728
P,'e', 1650312197.043317
R,'e', 1650312197.147189
P,Key.space, 1650312197.210208
R,Key.space, 1650312197.342422
P,'o', 1650312197.6815639
R,'o', 1650312197.775959
P,'n', 1650312197.794533
R,'n', 1650312197.8708422
P,'e', 1650312197.8959959
P,Key.space, 1650312197.96017
R,'e', 1650312197.979007
R,Key.space, 1650312198.068368
P,'o', 1650312198.2286
R,'o', 1650312198.3082602
P,'f', 1650312198.347799
R,'f', 1650312198.428878
P,Key.space, 1650312198.485331
R,Key.space, 1650312198.5895329
P,'t', 1650312198.6921332
R,'t', 1650312198.7883
P,'h', 1650312198.8041432
R,'h', 1650312198.892151
P,'e', 1650312199.2524889
R,'e', 1650312199.334972
P,Key.space, 1650312199.349455
R,Key.space, 1650312199.463994
P,'m', 1650312199.716759
P,'o', 1650312199.784554
R,'m', 1650312199.803754
P,'s', 1650312199.956807
R,'o', 1650312199.959954
R,'s', 1650312200.069209
R,'t', 1650312200.1732428
P,Key.space, 1650312200.201115
R,Key.space, 1650312200.28915
P,'i', 1650312200.425187
R,'i', 1650312200.548471
P,'n', 1650312200.71311
R,'n', 1650312200.796469
P,'s', 1650312201.18307
R,'s', 1650312201.250925
P,'p', 1650312201.297366
R,'p', 1650312201.402293
P,'i', 1650312201.683914
R,'i', 1650312201.754941
P,'r', 1650312201.7702558
R,'r', 1650312201.8873339
P,'a', 1650312201.9470809
P,'t', 1650312202.034844
R,'a', 1650312202.0619562
R,'t', 1650312202.1552682
P,'i', 1650312202.182977
P,'o', 1650312202.265576
R,'i', 1650312202.2898
P,'n', 1650312202.363136
R,'o', 1650312202.399141
R,'n', 1650312202.463165
P,'a', 1650312202.498661
R,'a', 1650312202.562845
P,'l', 1650312202.5983949
R,'l', 1650312202.6661701
P,Key.space, 1650312202.7001238
R,Key.space, 1650312202.8097868
P,'s', 1650312203.0610418
R,'s', 1650312203.146634
P,'p', 1650312203.3771
R,'p', 1650312203.4714382
P,Key.backspace, 1650312203.751051
R,Key.backspace, 1650312203.787751
P,Key.backspace, 1650312203.846913
R,Key.backspace, 1650312203.91812
P,Key.backspace, 1650312203.96976
R,Key.backspace, 1650312204.042033
P,Key.space, 1650312204.493781
R,Key.space, 1650312204.5939982
P,'m', 1650312204.663435
P,'o', 1650312204.7718341
R,'m', 1650312204.779637
R,'o', 1650312204.855546
P,'v', 1650312205.1970031
R,'v', 1650312205.285255
P,'i', 1650312205.303275
R,'i', 1650312205.387777
P,'e', 1650312205.39886
R,'e', 1650312205.5040588
P,Key.space, 1650312205.540813
R,Key.space, 1650312205.6521769
P,'s', 1650312205.990887
P,'p', 1650312206.114431
R,'s', 1650312206.115653
R,'p', 1650312206.210954
P,'e', 1650312206.3427489
R,'e', 1650312206.417838
P,'e', 1650312206.482116
R,'e', 1650312206.532876
P,'c', 1650312207.218518
R,'c', 1650312207.293967
P,'h', 1650312207.3262012
R,'h', 1650312207.389129
P,'e', 1650312207.4012039
P,'s', 1650312207.501934
R,'e', 1650312207.5284538
P,Key.space, 1650312207.597554
R,'s', 1650312207.612663
R,Key.space, 1650312207.693814
P,'o', 1650312207.766651
R,'o', 1650312207.839013
P,'f', 1650312207.877612
R,'f', 1650312207.9542558
P,Key.space, 1650312207.971467
R,Key.space, 1650312208.075629
P,'a', 1650312208.089897
R,'a', 1650312208.1485262
R,'l', 1650312208.225877
P,'l', 1650312208.2887838
R,'l', 1650312208.3686452
P,Key.space, 1650312208.382875
R,Key.space, 1650312208.487715
P,'t', 1650312208.511179
R,'t', 1650312208.5959349
P,'i', 1650312208.673703
R,'i', 1650312208.7534301
P,'m', 1650312208.808753
R,'m', 1650312208.884444
P,'e', 1650312208.896322
R,'e', 1650312208.984631
P,'.', 1650312209.559819
R,'.', 1650312209.631807
P,Key.space, 1650312209.6575181
R,Key.space, 1650312209.733479
P,'g', 1650312211.012682
R,'g', 1650312211.0889332
P,'r', 1650312211.250884
R,'r', 1650312211.310389
P,'e', 1650312211.318603
P,'a', 1650312211.442456
R,'e', 1650312211.446896
R,'a', 1650312211.561297
P,'t', 1650312211.573514
R,'t', 1650312211.650432
P,Key.space, 1650312211.698988
R,Key.space, 1650312211.795985
P,'m', 1650312212.00219
R,'m', 1650312212.1257331
P,'o', 1650312212.143872
R,'o', 1650312212.243775
P,'v', 1650312212.274244
R,'v', 1650312212.338346
P,'i', 1650312212.406494
R,'i', 1650312212.4777558
P,'e', 1650312212.5105212
R,'e', 1650312212.585963
P,Key.space, 1650312212.637482
R,Key.space, 1650312212.7370932
P,'t', 1650312212.897977
P,'o', 1650312212.974833
R,'t', 1650312212.978264
R,'o', 1650312213.066386
P,Key.space, 1650312213.0776992
R,Key.space, 1650312213.150166
P,'w', 1650312213.494617
R,'w', 1650312213.5626612
P,'h', 1650312213.597279
R,'h', 1650312213.701851
P,'i', 1650312213.726229
R,'i', 1650312213.8227022
P,'p', 1650312213.8837929
R,'p', 1650312213.980484
P,Key.space, 1650312214.041365
R,Key.space, 1650312214.1256871
P,'y', 1650312215.3158169
R,'y', 1650312215.4150631
P,'o', 1650312215.419303
P,'u', 1650312215.450133
R,'o', 1650312215.5112488
R,'u', 1650312215.571836
P,'r', 1650312215.716646
R,'r', 1650312215.7966778
P,Key.space, 1650312215.827195
R,Key.space, 1650312215.923715
P,'c', 1650312216.423428
R,'c', 1650312216.5065112
P,'h', 1650312216.5141492
R,'h', 1650312216.600076
P,'i', 1650312216.631871
R,'i', 1650312216.716351
P,'l', 1650312216.76637
R,'l', 1650312216.8745651
P,'d', 1650312216.878576
R,'d', 1650312216.938097
P,'r', 1650312217.088387
P,'e', 1650312217.2197278
