
"a" "b"
**********************************
P,'h', 1650434141.536919
R,'h', 1650434141.647209
P,'e', 1650434141.921087
R,'e', 1650434142.033623
P,'l', 1650434142.180941
R,'l', 1650434142.277473
P,'l', 1650434142.38497
R,'l', 1650434142.5091681
P,'o', 1650434142.760066
R,'o', 1650434142.872105
P,Key.ctrl, 1650434143.711209
P,'c', 1650434144.235321
R,P,'h', 1650434141.536919, 1650434144.241707
R,R,'h', 1650434141.647209, 1650434144.241771
R,P,'e', 1650434141.921087, 1650434144.241785
R,R,'e', 1650434142.033623, 1650434144.24179
R,P,'l', 1650434142.180941, 1650434144.241794
R,R,'l', 1650434142.277473, 1650434144.2417989
R,P,'l', 1650434142.38497, 1650434144.241802
R,R,'l', 1650434142.5091681, 1650434144.241806
R,P,'o', 1650434142.760066, 1650434144.241809
R,R,'o', 1650434142.872105, 1650434144.241813
R,P,Key.ctrl, 1650434143.711209, 1650434144.241816
R,P,'c', 1650434144.235321, 1650434144.2418199
R,R,P,'h', 1650434141.536919, 1650434144.241707, 1650434144.241823
R,R,R,'h', 1650434141.647209, 1650434144.241771, 1650434144.2418392
R,R,P,'e', 1650434141.921087, 1650434144.241785, 1650434144.241843
R,R,R,'e', 1650434142.033623, 1650434144.24179, 1650434144.241846
R,R,P,'l', 1650434142.180941, 1650434144.241794, 1650434144.2418501
R,R,R,'l', 1650434142.277473, 1650434144.2417989, 1650434144.241854
R,R,P,'l', 1650434142.38497, 1650434144.241802, 1650434144.241857
R,R,R,'l', 1650434142.5091681, 1650434144.241806, 1650434144.2418602
R,R,P,'o', 1650434142.760066, 1650434144.241809, 1650434144.241864
R,R,R,'o', 1650434142.872105, 1650434144.241813, 1650434144.241868
R,R,P,Key.ctrl, 1650434143.711209, 1650434144.241816, 1650434144.241871
R,R,P,'c', 1650434144.235321, 1650434144.2418199, 1650434144.241875
R,R,R,P,'h', 1650434141.536919, 1650434144.241707, 1650434144.241823, 1650434144.241878
R,R,R,R,'h', 1650434141.647209, 1650434144.241771, 1650434144.2418392, 1650434144.241882
R,R,R,P,'e', 1650434141.921087, 1650434144.241785, 1650434144.241843, 1650434144.241885
R,R,R,R,'e', 1650434142.033623, 1650434144.24179, 1650434144.241846, 1650434144.241889
R,R,R,P,'l', 1650434142.180941, 1650434144.241794, 1650434144.2418501, 1650434144.241892
R,R,R,R,'l', 1650434142.277473, 1650434144.2417989, 1650434144.241854, 1650434144.241896
R,R,R,P,'l', 1650434142.38497, 1650434144.241802, 1650434144.241857, 1650434144.241899
R,R,R,R,'l', 1650434142.5091681, 1650434144.241806, 1650434144.2418602, 1650434144.241902
R,R,R,P,'o', 1650434142.760066, 1650434144.241809, 1650434144.241864, 1650434144.241906
R,R,R,R,'o', 1650434142.872105, 1650434144.241813, 1650434144.241868, 1650434144.241909
R,R,R,P,Key.ctrl, 1650434143.711209, 1650434144.241816, 1650434144.241871, 1650434144.241913
R,R,R,P,'c', 1650434144.235321, 1650434144.2418199, 1650434144.241875, 1650434144.241916
R,R,R,R,P,'h', 1650434141.536919, 1650434144.241707, 1650434144.241823, 1650434144.241878, 1650434144.24192
R,R,R,R,R,'h', 1650434141.647209, 1650434144.241771, 1650434144.2418392, 1650434144.241882, 1650434144.241924
R,R,R,R,P,'e', 1650434141.921087, 1650434144.241785, 1650434144.241843, 1650434144.241885, 1650434144.241927
R,R,R,R,R,'e', 1650434142.033623, 1650434144.24179, 1650434144.241846, 1650434144.241889, 1650434144.241931
R,R,R,R,P,'l', 1650434142.180941, 1650434144.241794, 1650434144.2418501, 1650434144.241892, 1650434144.241934
R,R,R,R,R,'l', 1650434142.277473, 1650434144.2417989, 1650434144.241854, 1650434144.241896, 1650434144.2419431
R,R,R,R,P,'l', 1650434142.38497, 1650434144.241802, 1650434144.241857, 1650434144.241899, 1650434144.2419462
R,R,R,R,R,'l', 1650434142.5091681, 1650434144.241806, 1650434144.2418602, 1650434144.241902, 1650434144.24195
R,R,R,R,P,'o', 1650434142.760066, 1650434144.241809, 1650434144.241864, 1650434144.241906, 1650434144.2419531
R,R,R,R,R,'o', 1650434142.872105, 1650434144.241813, 1650434144.241868, 1650434144.241909, 1650434144.2419572
R,R,R,R,P,Key.ctrl, 1650434143.711209, 1650434144.241816, 1650434144.241871, 1650434144.241913, 1650434144.24196
R,R,R,R,P,'c', 1650434144.235321, 1650434144.2418199, 1650434144.241875, 1650434144.241916, 1650434144.2419682
R,R,R,R,R,P,'h', 1650434141.536919, 1650434144.241707, 1650434144.241823, 1650434144.241878, 1650434144.24192, 1650434144.241971
R,R,R,R,R,R,'h', 1650434141.647209, 1650434144.241771, 1650434144.2418392, 1650434144.241882, 1650434144.241924, 1650434144.241975
R,R,R,R,R,P,'e', 1650434141.921087, 1650434144.241785, 1650434144.241843, 1650434144.241885, 1650434144.241927, 1650434144.2419782
R,R,R,R,R,R,'e', 1650434142.033623, 1650434144.24179, 1650434144.241846, 1650434144.241889, 1650434144.241931, 1650434144.241982
R,R,R,R,R,P,'l', 1650434142.180941, 1650434144.241794, 1650434144.2418501, 1650434144.241892, 1650434144.241934, 1650434144.241986
R,R,R,R,R,R,'l', 1650434142.277473, 1650434144.2417989, 1650434144.241854, 1650434144.241896, 1650434144.2419431, 1650434144.241992
R,R,R,R,R,P,'l', 1650434142.38497, 1650434144.241802, 1650434144.241857, 1650434144.241899, 1650434144.2419462, 1650434144.241995
R,R,R,R,R,R,'l', 1650434142.5091681, 1650434144.241806, 1650434144.2418602, 1650434144.241902, 1650434144.24195, 1650434144.2419991
R,R,R,R,R,P,'o', 1650434142.760066, 1650434144.241809, 1650434144.241864, 1650434144.241906, 1650434144.2419531, 1650434144.242002
R,R,R,R,R,R,'o', 1650434142.872105, 1650434144.241813, 1650434144.241868, 1650434144.241909, 1650434144.2419572, 1650434144.242006
R,R,R,R,R,P,Key.ctrl, 1650434143.711209, 1650434144.241816, 1650434144.241871, 1650434144.241913, 1650434144.24196, 1650434144.2420092
R,R,R,R,R,P,'c', 1650434144.235321, 1650434144.2418199, 1650434144.241875, 1650434144.241916, 1650434144.2419682, 1650434144.242013
R,R,R,R,R,R,P,'h', 1650434141.536919, 1650434144.241707, 1650434144.241823, 1650434144.241878, 1650434144.24192, 1650434144.241971, 1650434144.242016
R,R,R,R,R,R,R,'h', 1650434141.647209, 1650434144.241771, 1650434144.2418392, 1650434144.241882, 1650434144.241924, 1650434144.241975, 1650434144.2420201
R,R,R,R,R,R,P,'e', 1650434141.921087, 1650434144.241785, 1650434144.241843, 1650434144.241885, 1650434144.241927, 1650434144.2419782, 1650434144.242023
R,R,R,R,R,R,R,'e', 1650434142.033623, 1650434144.24179, 1650434144.241846, 1650434144.241889, 1650434144.241931, 1650434144.241982, 1650434144.242027
R,R,R,R,R,R,P,'l', 1650434142.180941, 1650434144.241794, 1650434144.2418501, 1650434144.241892, 1650434144.241934, 1650434144.241986, 1650434144.2420301
R,R,R,R,R,R,R,'l', 1650434142.277473, 1650434144.2417989, 1650434144.241854, 1650434144.241896, 1650434144.2419431, 1650434144.241992, 1650434144.2420359
R,R,R,R,R,R,P,'l', 1650434142.38497, 1650434144.241802, 1650434144.241857, 1650434144.241899, 1650434144.2419462, 1650434144.241995, 1650434144.242044
R,R,R,R,R,R,R,'l', 1650434142.5091681, 1650434144.241806, 1650434144.2418602, 1650434144.241902, 1650434144.24195, 1650434144.2419991, 1650434144.2420511

"a" "b"
**********************************
P,'h', 1650434146.797023
R,'h', 1650434146.9249952
P,'e', 1650434147.20535
R,'e', 1650434147.305533
P,'l', 1650434147.4226701
R,'l', 1650434147.532091
P,'l', 1650434147.700484
R,'l', 1650434147.875916
P,'o', 1650434148.147094
P,Key.space, 1650434148.247688
R,'o', 1650434148.289758
R,Key.space, 1650434148.404586
P,'w', 1650434148.62211
R,'w', 1650434148.73806
P,'o', 1650434148.815091
P,'r', 1650434148.9267042
R,'o', 1650434148.94182
R,'r', 1650434149.03487
P,'l', 1650434149.161742
P,'d', 1650434149.245785
R,'l', 1650434149.371649
R,'d', 1650434149.4054852
P,Key.ctrl, 1650434149.938412
P,'c', 1650434150.4369879
R,P,'h', 1650434146.797023, 1650434150.443213
R,R,'h', 1650434146.9249952, 1650434150.443228
R,P,'e', 1650434147.20535, 1650434150.443233
R,R,'e', 1650434147.305533, 1650434150.443236
R,P,'l', 1650434147.4226701, 1650434150.44324
R,R,'l', 1650434147.532091, 1650434150.443244
R,P,'l', 1650434147.700484, 1650434150.443247
R,R,'l', 1650434147.875916, 1650434150.443251
R,P,'o', 1650434148.147094, 1650434150.443254
R,P,Key.space, 1650434148.247688, 1650434150.44327
R,R,'o', 1650434148.289758, 1650434150.443273
R,R,Key.space, 1650434148.404586, 1650434150.4432771
R,P,'w', 1650434148.62211, 1650434150.443281
R,R,'w', 1650434148.73806, 1650434150.443284
R,P,'o', 1650434148.815091, 1650434150.443288
R,P,'r', 1650434148.9267042, 1650434150.443291
R,R,'o', 1650434148.94182, 1650434150.443295
R,R,'r', 1650434149.03487, 1650434150.443299
R,P,'l', 1650434149.161742, 1650434150.443302
R,P,'d', 1650434149.245785, 1650434150.443305
R,R,'l', 1650434149.371649, 1650434150.443309
R,R,'d', 1650434149.4054852, 1650434150.4433122
R,P,Key.ctrl, 1650434149.938412, 1650434150.443316
R,P,'c', 1650434150.4369879, 1650434150.443319
R,R,P,'h', 1650434146.797023, 1650434150.443213, 1650434150.443323
R,R,R,'h', 1650434146.9249952, 1650434150.443228, 1650434150.443327
R,R,P,'e', 1650434147.20535, 1650434150.443233, 1650434150.44333
R,R,R,'e', 1650434147.305533, 1650434150.443236, 1650434150.4433339
R,R,P,'l', 1650434147.4226701, 1650434150.44324, 1650434150.443338
R,R,R,'l', 1650434147.532091, 1650434150.443244, 1650434150.443341
R,R,P,'l', 1650434147.700484, 1650434150.443247, 1650434150.4433448
R,R,R,'l', 1650434147.875916, 1650434150.443251, 1650434150.443348
R,R,P,'o', 1650434148.147094, 1650434150.443254, 1650434150.443352
R,R,P,Key.space, 1650434148.247688, 1650434150.44327, 1650434150.4433548
R,R,R,'o', 1650434148.289758, 1650434150.443273, 1650434150.443359
R,R,R,Key.space, 1650434148.404586, 1650434150.4432771, 1650434150.443362
R,R,P,'w', 1650434148.62211, 1650434150.443281, 1650434150.443365
R,R,R,'w', 1650434148.73806, 1650434150.443284, 1650434150.443369
R,R,P,'o', 1650434148.815091, 1650434150.443288, 1650434150.443372
R,R,P,'r', 1650434148.9267042, 1650434150.443291, 1650434150.443375
R,R,R,'o', 1650434148.94182, 1650434150.443295, 1650434150.443379
R,R,R,'r', 1650434149.03487, 1650434150.443299, 1650434150.443389
R,R,P,'l', 1650434149.161742, 1650434150.443302, 1650434150.443393
R,R,P,'d', 1650434149.245785, 1650434150.443305, 1650434150.443396
R,R,R,'l', 1650434149.371649, 1650434150.443309, 1650434150.443399
R,R,R,'d', 1650434149.4054852, 1650434150.4433122, 1650434150.443403
R,R,P,Key.ctrl, 1650434149.938412, 1650434150.443316, 1650434150.443406
R,R,P,'c', 1650434150.4369879, 1650434150.443319, 1650434150.443409
R,R,R,P,'h', 1650434146.797023, 1650434150.443213, 1650434150.443323, 1650434150.443413
R,R,R,R,'h', 1650434146.9249952, 1650434150.443228, 1650434150.443327, 1650434150.443416
R,R,R,P,'e', 1650434147.20535, 1650434150.443233, 1650434150.44333, 1650434150.44342
R,R,R,R,'e', 1650434147.305533, 1650434150.443236, 1650434150.4433339, 1650434150.443423
R,R,R,P,'l', 1650434147.4226701, 1650434150.44324, 1650434150.443338, 1650434150.443427
R,R,R,R,'l', 1650434147.532091, 1650434150.443244, 1650434150.443341, 1650434150.4434402
R,R,R,P,'l', 1650434147.700484, 1650434150.443247, 1650434150.4433448, 1650434150.443444
R,R,R,R,'l', 1650434147.875916, 1650434150.443251, 1650434150.443348, 1650434150.443447

"a" "b"
**********************************
P,'h', 1650434152.8216379
R,'h', 1650434152.938265
P,'e', 1650434153.234946
R,'e', 1650434153.362342
P,'l', 1650434153.4716642
R,'l', 1650434153.56027
P,'l', 1650434153.687745
R,'l', 1650434153.809396
P,'o', 1650434154.05511
P,Key.space, 1650434154.180979
R,'o', 1650434154.2397199
R,Key.space, 1650434154.343898
P,'u', 1650434155.295529
R,'u', 1650434155.407294
P,'n', 1650434155.690079
R,'n', 1650434155.838874
P,'i', 1650434156.172965
P,'v', 1650434156.317743
R,'i', 1650434156.361567
R,'v', 1650434156.413682
P,'e', 1650434156.844577
R,'e', 1650434156.988723
P,'r', 1650434157.076098
R,'r', 1650434157.1849759
P,'s', 1650434157.374858
R,'s', 1650434157.47973
P,'e', 1650434157.630825
R,'e', 1650434157.754702
P,Key.ctrl, 1650434158.240214
P,'c', 1650434158.944601
R,P,'h', 1650434152.8216379, 1650434158.951639
R,R,'h', 1650434152.938265, 1650434158.951655
R,P,'e', 1650434153.234946, 1650434158.951659
R,R,'e', 1650434153.362342, 1650434158.951676
R,P,'l', 1650434153.4716642, 1650434158.951679
R,R,'l', 1650434153.56027, 1650434158.951683
R,P,'l', 1650434153.687745, 1650434158.9516869
R,R,'l', 1650434153.809396, 1650434158.951691
R,P,'o', 1650434154.05511, 1650434158.9516952
R,P,Key.space, 1650434154.180979, 1650434158.9516978
R,R,'o', 1650434154.2397199, 1650434158.951702
R,R,Key.space, 1650434154.343898, 1650434158.9517062
R,P,'u', 1650434155.295529, 1650434158.95171
R,R,'u', 1650434155.407294, 1650434158.951714
R,P,'n', 1650434155.690079, 1650434158.9517171
R,R,'n', 1650434155.838874, 1650434158.951722
R,P,'i', 1650434156.172965, 1650434158.9517262
R,P,'v', 1650434156.317743, 1650434158.9517288
R,R,'i', 1650434156.361567, 1650434158.9517329
R,R,'v', 1650434156.413682, 1650434158.951736
R,P,'e', 1650434156.844577, 1650434158.9517398
R,R,'e', 1650434156.988723, 1650434158.951743
R,P,'r', 1650434157.076098, 1650434158.951746
R,R,'r', 1650434157.1849759, 1650434158.9517498
R,P,'s', 1650434157.374858, 1650434158.951754
R,R,'s', 1650434157.47973, 1650434158.951757
R,P,'e', 1650434157.630825, 1650434158.951761
R,R,'e', 1650434157.754702, 1650434158.951765
R,P,Key.ctrl, 1650434158.240214, 1650434158.9517682
R,P,'c', 1650434158.944601, 1650434158.951772
R,R,P,'h', 1650434152.8216379, 1650434158.951639, 1650434158.951775
R,R,R,'h', 1650434152.938265, 1650434158.951655, 1650434158.9517791
R,R,P,'e', 1650434153.234946, 1650434158.951659, 1650434158.951782
R,R,R,'e', 1650434153.362342, 1650434158.951676, 1650434158.951786
R,R,P,'l', 1650434153.4716642, 1650434158.951679, 1650434158.9517891
R,R,R,'l', 1650434153.56027, 1650434158.951683, 1650434158.9517949
R,R,P,'l', 1650434153.687745, 1650434158.9516869, 1650434158.9517992
R,R,R,'l', 1650434153.809396, 1650434158.951691, 1650434158.951802
R,R,P,'o', 1650434154.05511, 1650434158.9516952, 1650434158.951806
R,R,P,Key.space, 1650434154.180979, 1650434158.9516978, 1650434158.951809
R,R,R,'o', 1650434154.2397199, 1650434158.951702, 1650434158.9518132
R,R,R,Key.space, 1650434154.343898, 1650434158.9517062, 1650434158.9518158
R,R,P,'u', 1650434155.295529, 1650434158.95171, 1650434158.9518201
R,R,R,'u', 1650434155.407294, 1650434158.951714, 1650434158.951824
R,R,P,'n', 1650434155.690079, 1650434158.9517171, 1650434158.951827
R,R,R,'n', 1650434155.838874, 1650434158.951722, 1650434158.951832
R,R,P,'i', 1650434156.172965, 1650434158.9517262, 1650434158.9518359
R,R,P,'v', 1650434156.317743, 1650434158.9517288, 1650434158.951842
R,R,R,'i', 1650434156.361567, 1650434158.9517329, 1650434158.951846
R,R,R,'v', 1650434156.413682, 1650434158.951736, 1650434158.951849
