
"Alvin" "Kuruvilla"
**********************************
P,'t', 1650555249300303000
P,'e', 1650555249386731000
R,'t', 1650555249437786000
R,'e', 1650555249514820000
P,'s', 1650555249674641000
R,'s', 1650555249786831000
P,'t', 1650555249800847000
R,'t', 1650555249923650000
P,'1', 1650555250528589000
R,'1', 1650555250660838000
P,Key.ctrl, 1650555251352758000
P,'c', 1650555251828575000
R,P,'t', 1650555249300303000, 1650555251835854000
R,P,'e', 1650555249386731000, 1650555251835863000
R,R,'t', 1650555249437786000, 1650555251835867000
R,R,'e', 1650555249514820000, 1650555251835872000
R,P,'s', 1650555249674641000, 1650555251835876000
R,R,'s', 1650555249786831000, 1650555251835880000
R,P,'t', 1650555249800847000, 1650555251835883000
R,R,'t', 1650555249923650000, 1650555251835886000
R,P,'1', 1650555250528589000, 1650555251835889000
R,R,'1', 1650555250660838000, 1650555251835892000
R,P,Key.ctrl, 1650555251352758000, 1650555251835895000
R,P,'c', 1650555251828575000, 1650555251835906000
R,R,P,'t', 1650555249300303000, 1650555251835854000, 1650555251835909000
R,R,P,'e', 1650555249386731000, 1650555251835863000, 1650555251835918000
R,R,R,'t', 1650555249437786000, 1650555251835867000, 1650555251835921000
R,R,R,'e', 1650555249514820000, 1650555251835872000, 1650555251835925000
R,R,P,'s', 1650555249674641000, 1650555251835876000, 1650555251835928000
R,R,R,'s', 1650555249786831000, 1650555251835880000, 1650555251835931000
R,R,P,'t', 1650555249800847000, 1650555251835883000, 1650555251835934000
R,R,R,'t', 1650555249923650000, 1650555251835886000, 1650555251835937000
R,R,P,'1', 1650555250528589000, 1650555251835889000, 1650555251835940000
R,R,R,'1', 1650555250660838000, 1650555251835892000, 1650555251835944000
R,R,P,Key.ctrl, 1650555251352758000, 1650555251835895000, 1650555251835947000
R,R,P,'c', 1650555251828575000, 1650555251835906000, 1650555251835950000
R,R,R,P,'t', 1650555249300303000, 1650555251835854000, 1650555251835909000, 1650555251835953000
R,R,R,P,'e', 1650555249386731000, 1650555251835863000, 1650555251835918000, 1650555251835956000
R,R,R,R,'t', 1650555249437786000, 1650555251835867000, 1650555251835921000, 1650555251835959000
R,R,R,R,'e', 1650555249514820000, 1650555251835872000, 1650555251835925000, 1650555251835962000
R,R,R,P,'s', 1650555249674641000, 1650555251835876000, 1650555251835928000, 1650555251835965000
R,R,R,R,'s', 1650555249786831000, 1650555251835880000, 1650555251835931000, 1650555251835969000
R,R,R,P,'t', 1650555249800847000, 1650555251835883000, 1650555251835934000, 1650555251835972000
R,R,R,R,'t', 1650555249923650000, 1650555251835886000, 1650555251835937000, 1650555251835975000
R,R,R,P,'1', 1650555250528589000, 1650555251835889000, 1650555251835940000, 1650555251835978000
R,R,R,R,'1', 1650555250660838000, 1650555251835892000, 1650555251835944000, 1650555251835981000
R,R,R,P,Key.ctrl, 1650555251352758000, 1650555251835895000, 1650555251835947000, 1650555251835984000
R,R,R,P,'c', 1650555251828575000, 1650555251835906000, 1650555251835950000, 1650555251835987000
R,R,R,R,P,'t', 1650555249300303000, 1650555251835854000, 1650555251835909000, 1650555251835953000, 1650555251835990000
R,R,R,R,P,'e', 1650555249386731000, 1650555251835863000, 1650555251835918000, 1650555251835956000, 1650555251835993000
R,R,R,R,R,'t', 1650555249437786000, 1650555251835867000, 1650555251835921000, 1650555251835959000, 1650555251835996000
R,R,R,R,R,'e', 1650555249514820000, 1650555251835872000, 1650555251835925000, 1650555251835962000, 1650555251835999000
R,R,R,R,P,'s', 1650555249674641000, 1650555251835876000, 1650555251835928000, 1650555251835965000, 1650555251836002000
R,R,R,R,R,'s', 1650555249786831000, 1650555251835880000, 1650555251835931000, 1650555251835969000, 1650555251836005000
R,R,R,R,P,'t', 1650555249800847000, 1650555251835883000, 1650555251835934000, 1650555251835972000, 1650555251836008000
R,R,R,R,R,'t', 1650555249923650000, 1650555251835886000, 1650555251835937000, 1650555251835975000, 1650555251836011000
R,R,R,R,P,'1', 1650555250528589000, 1650555251835889000, 1650555251835940000, 1650555251835978000, 1650555251836014000
R,R,R,R,R,'1', 1650555250660838000, 1650555251835892000, 1650555251835944000, 1650555251835981000, 1650555251836017000
R,R,R,R,P,Key.ctrl, 1650555251352758000, 1650555251835895000, 1650555251835947000, 1650555251835984000, 1650555251836020000
R,R,R,R,P,'c', 1650555251828575000, 1650555251835906000, 1650555251835950000, 1650555251835987000, 1650555251836023000
R,R,R,R,R,P,'t', 1650555249300303000, 1650555251835854000, 1650555251835909000, 1650555251835953000, 1650555251835990000, 1650555251836026000
R,R,R,R,R,P,'e', 1650555249386731000, 1650555251835863000, 1650555251835918000, 1650555251835956000, 1650555251835993000, 1650555251836029000
R,R,R,R,R,R,'t', 1650555249437786000, 1650555251835867000, 1650555251835921000, 1650555251835959000, 1650555251835996000, 1650555251836032000
R,R,R,R,R,R,'e', 1650555249514820000, 1650555251835872000, 1650555251835925000, 1650555251835962000, 1650555251835999000, 1650555251836036000
R,R,R,R,R,P,'s', 1650555249674641000, 1650555251835876000, 1650555251835928000, 1650555251835965000, 1650555251836002000, 1650555251836039000
R,R,R,R,R,R,'s', 1650555249786831000, 1650555251835880000, 1650555251835931000, 1650555251835969000, 1650555251836005000, 1650555251836044000
R,R,R,R,R,P,'t', 1650555249800847000, 1650555251835883000, 1650555251835934000, 1650555251835972000, 1650555251836008000, 1650555251836047000
R,R,R,R,R,R,'t', 1650555249923650000, 1650555251835886000, 1650555251835937000, 1650555251835975000, 1650555251836011000, 1650555251836050000
R,R,R,R,R,P,'1', 1650555250528589000, 1650555251835889000, 1650555251835940000, 1650555251835978000, 1650555251836014000, 1650555251836053000
R,R,R,R,R,R,'1', 1650555250660838000, 1650555251835892000, 1650555251835944000, 1650555251835981000, 1650555251836017000, 1650555251836056000
R,R,R,R,R,P,Key.ctrl, 1650555251352758000, 1650555251835895000, 1650555251835947000, 1650555251835984000, 1650555251836020000, 1650555251836059000
R,R,R,R,R,P,'c', 1650555251828575000, 1650555251835906000, 1650555251835950000, 1650555251835987000, 1650555251836023000, 1650555251836062000
R,R,R,R,R,R,P,'t', 1650555249300303000, 1650555251835854000, 1650555251835909000, 1650555251835953000, 1650555251835990000, 1650555251836026000, 1650555251836065000
R,R,R,R,R,R,P,'e', 1650555249386731000, 1650555251835863000, 1650555251835918000, 1650555251835956000, 1650555251835993000, 1650555251836029000, 1650555251836068000
R,R,R,R,R,R,R,'t', 1650555249437786000, 1650555251835867000, 1650555251835921000, 1650555251835959000, 1650555251835996000, 1650555251836032000, 1650555251836071000
R,R,R,R,R,R,R,'e', 1650555249514820000, 1650555251835872000, 1650555251835925000, 1650555251835962000, 1650555251835999000, 1650555251836036000, 1650555251836074000
R,R,R,R,R,R,P,'s', 1650555249674641000, 1650555251835876000, 1650555251835928000, 1650555251835965000, 1650555251836002000, 1650555251836039000, 1650555251836077000
R,R,R,R,R,R,R,'s', 1650555249786831000, 1650555251835880000, 1650555251835931000, 1650555251835969000, 1650555251836005000, 1650555251836044000, 1650555251836082000
R,R,R,R,R,R,P,'t', 1650555249800847000, 1650555251835883000, 1650555251835934000, 1650555251835972000, 1650555251836008000, 1650555251836047000, 1650555251836085000
R,R,R,R,R,R,R,'t', 1650555249923650000, 1650555251835886000, 1650555251835937000, 1650555251835975000, 1650555251836011000, 1650555251836050000, 1650555251836093000

"Alvin" "Kuruvilla"
**********************************
P,'t', 1650555253516467000
P,'e', 1650555253584808000
R,'t', 1650555253649230000
R,'e', 1650555253689592000
P,'s', 1650555253841338000
R,'s', 1650555253964481000
P,'t', 1650555253980557000
R,'t', 1650555254116348000
P,'2', 1650555254940349000
R,'2', 1650555255060583000
P,Key.ctrl, 1650555255425300000
P,'c', 1650555255841191000
R,P,'t', 1650555253516467000, 1650555255847602000
R,P,'e', 1650555253584808000, 1650555255847612000
R,R,'t', 1650555253649230000, 1650555255847616000
R,R,'e', 1650555253689592000, 1650555255847619000
R,P,'s', 1650555253841338000, 1650555255847623000
R,R,'s', 1650555253964481000, 1650555255847626000
R,P,'t', 1650555253980557000, 1650555255847630000
R,R,'t', 1650555254116348000, 1650555255847633000
R,P,'2', 1650555254940349000, 1650555255847636000
R,R,'2', 1650555255060583000, 1650555255847639000
R,P,Key.ctrl, 1650555255425300000, 1650555255847642000
R,P,'c', 1650555255841191000, 1650555255847645000
R,R,P,'t', 1650555253516467000, 1650555255847602000, 1650555255847649000
R,R,P,'e', 1650555253584808000, 1650555255847612000, 1650555255847665000
R,R,R,'t', 1650555253649230000, 1650555255847616000, 1650555255847668000
R,R,R,'e', 1650555253689592000, 1650555255847619000, 1650555255847671000
R,R,P,'s', 1650555253841338000, 1650555255847623000, 1650555255847674000
R,R,R,'s', 1650555253964481000, 1650555255847626000, 1650555255847677000
R,R,P,'t', 1650555253980557000, 1650555255847630000, 1650555255847680000
R,R,R,'t', 1650555254116348000, 1650555255847633000, 1650555255847683000
R,R,P,'2', 1650555254940349000, 1650555255847636000, 1650555255847686000
R,R,R,'2', 1650555255060583000, 1650555255847639000, 1650555255847700000
R,R,P,Key.ctrl, 1650555255425300000, 1650555255847642000, 1650555255847704000
R,R,P,'c', 1650555255841191000, 1650555255847645000, 1650555255847707000
R,R,R,P,'t', 1650555253516467000, 1650555255847602000, 1650555255847649000, 1650555255847710000
R,R,R,P,'e', 1650555253584808000, 1650555255847612000, 1650555255847665000, 1650555255847713000
R,R,R,R,'t', 1650555253649230000, 1650555255847616000, 1650555255847668000, 1650555255847716000
R,R,R,R,'e', 1650555253689592000, 1650555255847619000, 1650555255847671000, 1650555255847719000
R,R,R,P,'s', 1650555253841338000, 1650555255847623000, 1650555255847674000, 1650555255847723000
R,R,R,R,'s', 1650555253964481000, 1650555255847626000, 1650555255847677000, 1650555255847726000
R,R,R,P,'t', 1650555253980557000, 1650555255847630000, 1650555255847680000, 1650555255847729000
R,R,R,R,'t', 1650555254116348000, 1650555255847633000, 1650555255847683000, 1650555255847733000
R,R,R,P,'2', 1650555254940349000, 1650555255847636000, 1650555255847686000, 1650555255847736000
R,R,R,R,'2', 1650555255060583000, 1650555255847639000, 1650555255847700000, 1650555255847739000
R,R,R,P,Key.ctrl, 1650555255425300000, 1650555255847642000, 1650555255847704000, 1650555255847742000
R,R,R,P,'c', 1650555255841191000, 1650555255847645000, 1650555255847707000, 1650555255847745000
R,R,R,R,P,'t', 1650555253516467000, 1650555255847602000, 1650555255847649000, 1650555255847710000, 1650555255847748000
R,R,R,R,P,'e', 1650555253584808000, 1650555255847612000, 1650555255847665000, 1650555255847713000, 1650555255847752000
R,R,R,R,R,'t', 1650555253649230000, 1650555255847616000, 1650555255847668000, 1650555255847716000, 1650555255847755000
R,R,R,R,R,'e', 1650555253689592000, 1650555255847619000, 1650555255847671000, 1650555255847719000, 1650555255847758000
R,R,R,R,P,'s', 1650555253841338000, 1650555255847623000, 1650555255847674000, 1650555255847723000, 1650555255847761000
R,R,R,R,R,'s', 1650555253964481000, 1650555255847626000, 1650555255847677000, 1650555255847726000, 1650555255847764000
R,R,R,R,P,'t', 1650555253980557000, 1650555255847630000, 1650555255847680000, 1650555255847729000, 1650555255847767000
R,R,R,R,R,'t', 1650555254116348000, 1650555255847633000, 1650555255847683000, 1650555255847733000, 1650555255847770000
R,R,R,R,P,'2', 1650555254940349000, 1650555255847636000, 1650555255847686000, 1650555255847736000, 1650555255847774000
R,R,R,R,R,'2', 1650555255060583000, 1650555255847639000, 1650555255847700000, 1650555255847739000, 1650555255847777000
R,R,R,R,P,Key.ctrl, 1650555255425300000, 1650555255847642000, 1650555255847704000, 1650555255847742000, 1650555255847780000
R,R,R,R,P,'c', 1650555255841191000, 1650555255847645000, 1650555255847707000, 1650555255847745000, 1650555255847783000
R,R,R,R,R,P,'t', 1650555253516467000, 1650555255847602000, 1650555255847649000, 1650555255847710000, 1650555255847748000, 1650555255847786000
R,R,R,R,R,P,'e', 1650555253584808000, 1650555255847612000, 1650555255847665000, 1650555255847713000, 1650555255847752000, 1650555255847789000
R,R,R,R,R,R,'t', 1650555253649230000, 1650555255847616000, 1650555255847668000, 1650555255847716000, 1650555255847755000, 1650555255847792000
R,R,R,R,R,R,'e', 1650555253689592000, 1650555255847619000, 1650555255847671000, 1650555255847719000, 1650555255847758000, 1650555255847795000
R,R,R,R,R,P,'s', 1650555253841338000, 1650555255847623000, 1650555255847674000, 1650555255847723000, 1650555255847761000, 1650555255847799000
R,R,R,R,R,R,'s', 1650555253964481000, 1650555255847626000, 1650555255847677000, 1650555255847726000, 1650555255847764000, 1650555255847804000
R,R,R,R,R,P,'t', 1650555253980557000, 1650555255847630000, 1650555255847680000, 1650555255847729000, 1650555255847767000, 1650555255847807000
R,R,R,R,R,R,'t', 1650555254116348000, 1650555255847633000, 1650555255847683000, 1650555255847733000, 1650555255847770000, 1650555255847810000
R,R,R,R,R,P,'2', 1650555254940349000, 1650555255847636000, 1650555255847686000, 1650555255847736000, 1650555255847774000, 1650555255847813000
R,R,R,R,R,R,'2', 1650555255060583000, 1650555255847639000, 1650555255847700000, 1650555255847739000, 1650555255847777000, 1650555255847816000
R,R,R,R,R,P,Key.ctrl, 1650555255425300000, 1650555255847642000, 1650555255847704000, 1650555255847742000, 1650555255847780000, 1650555255847819000
R,R,R,R,R,P,'c', 1650555255841191000, 1650555255847645000, 1650555255847707000, 1650555255847745000, 1650555255847783000, 1650555255847823000
R,R,R,R,R,R,P,'t', 1650555253516467000, 1650555255847602000, 1650555255847649000, 1650555255847710000, 1650555255847748000, 1650555255847786000, 1650555255847826000
R,R,R,R,R,R,P,'e', 1650555253584808000, 1650555255847612000, 1650555255847665000, 1650555255847713000, 1650555255847752000, 1650555255847789000, 1650555255847829000
R,R,R,R,R,R,R,'t', 1650555253649230000, 1650555255847616000, 1650555255847668000, 1650555255847716000, 1650555255847755000, 1650555255847792000, 1650555255847832000
R,R,R,R,R,R,R,'e', 1650555253689592000, 1650555255847619000, 1650555255847671000, 1650555255847719000, 1650555255847758000, 1650555255847795000, 1650555255847835000
R,R,R,R,R,R,P,'s', 1650555253841338000, 1650555255847623000, 1650555255847674000, 1650555255847723000, 1650555255847761000, 1650555255847799000, 1650555255847838000
R,R,R,R,R,R,R,'s', 1650555253964481000, 1650555255847626000, 1650555255847677000, 1650555255847726000, 1650555255847764000, 1650555255847804000, 1650555255847844000
R,R,R,R,R,R,P,'t', 1650555253980557000, 1650555255847630000, 1650555255847680000, 1650555255847729000, 1650555255847767000, 1650555255847807000, 1650555255847847000
R,R,R,R,R,R,R,'t', 1650555254116348000, 1650555255847633000, 1650555255847683000, 1650555255847733000, 1650555255847770000, 1650555255847810000, 1650555255847854000

"Alvin" "Kuruvilla"
**********************************
P,'t', 1650555257526287000
P,'e', 1650555257586241000
R,'t', 1650555257665917000
R,'e', 1650555257710235000
P,'s', 1650555257874301000
R,'s', 1650555257983156000
P,'t', 1650555258011933000
R,'t', 1650555258127584000
P,'3', 1650555258869929000
R,'3', 1650555258998127000
P,Key.ctrl, 1650555259435132000
P,'c', 1650555260054947000
R,P,'t', 1650555257526287000, 1650555260061535000
R,P,'e', 1650555257586241000, 1650555260061546000
R,R,'t', 1650555257665917000, 1650555260061550000
R,R,'e', 1650555257710235000, 1650555260061553000
R,P,'s', 1650555257874301000, 1650555260061556000
R,R,'s', 1650555257983156000, 1650555260061560000
R,P,'t', 1650555258011933000, 1650555260061563000
R,R,'t', 1650555258127584000, 1650555260061566000
R,P,'3', 1650555258869929000, 1650555260061569000
R,R,'3', 1650555258998127000, 1650555260061572000
R,P,Key.ctrl, 1650555259435132000, 1650555260061575000
R,P,'c', 1650555260054947000, 1650555260061586000
R,R,P,'t', 1650555257526287000, 1650555260061535000, 1650555260061590000
R,R,P,'e', 1650555257586241000, 1650555260061546000, 1650555260061597000
R,R,R,'t', 1650555257665917000, 1650555260061550000, 1650555260061600000
R,R,R,'e', 1650555257710235000, 1650555260061553000, 1650555260061604000
R,R,P,'s', 1650555257874301000, 1650555260061556000, 1650555260061607000
R,R,R,'s', 1650555257983156000, 1650555260061560000, 1650555260061610000
R,R,P,'t', 1650555258011933000, 1650555260061563000, 1650555260061613000
R,R,R,'t', 1650555258127584000, 1650555260061566000, 1650555260061616000
R,R,P,'3', 1650555258869929000, 1650555260061569000, 1650555260061619000
R,R,R,'3', 1650555258998127000, 1650555260061572000, 1650555260061631000
R,R,P,Key.ctrl, 1650555259435132000, 1650555260061575000, 1650555260061635000
R,R,P,'c', 1650555260054947000, 1650555260061586000, 1650555260061637000
R,R,R,P,'t', 1650555257526287000, 1650555260061535000, 1650555260061590000, 1650555260061640000
R,R,R,P,'e', 1650555257586241000, 1650555260061546000, 1650555260061597000, 1650555260061644000
R,R,R,R,'t', 1650555257665917000, 1650555260061550000, 1650555260061600000, 1650555260061647000
R,R,R,R,'e', 1650555257710235000, 1650555260061553000, 1650555260061604000, 1650555260061650000
R,R,R,P,'s', 1650555257874301000, 1650555260061556000, 1650555260061607000, 1650555260061653000
R,R,R,R,'s', 1650555257983156000, 1650555260061560000, 1650555260061610000, 1650555260061657000
R,R,R,P,'t', 1650555258011933000, 1650555260061563000, 1650555260061613000, 1650555260061660000
R,R,R,R,'t', 1650555258127584000, 1650555260061566000, 1650555260061616000, 1650555260061663000
R,R,R,P,'3', 1650555258869929000, 1650555260061569000, 1650555260061619000, 1650555260061666000
R,R,R,R,'3', 1650555258998127000, 1650555260061572000, 1650555260061631000, 1650555260061669000
R,R,R,P,Key.ctrl, 1650555259435132000, 1650555260061575000, 1650555260061635000, 1650555260061672000
R,R,R,P,'c', 1650555260054947000, 1650555260061586000, 1650555260061637000, 1650555260061675000
R,R,R,R,P,'t', 1650555257526287000, 1650555260061535000, 1650555260061590000, 1650555260061640000, 1650555260061678000
R,R,R,R,P,'e', 1650555257586241000, 1650555260061546000, 1650555260061597000, 1650555260061644000, 1650555260061682000
R,R,R,R,R,'t', 1650555257665917000, 1650555260061550000, 1650555260061600000, 1650555260061647000, 1650555260061685000
R,R,R,R,R,'e', 1650555257710235000, 1650555260061553000, 1650555260061604000, 1650555260061650000, 1650555260061688000
R,R,R,R,P,'s', 1650555257874301000, 1650555260061556000, 1650555260061607000, 1650555260061653000, 1650555260061691000
R,R,R,R,R,'s', 1650555257983156000, 1650555260061560000, 1650555260061610000, 1650555260061657000, 1650555260061694000
R,R,R,R,P,'t', 1650555258011933000, 1650555260061563000, 1650555260061613000, 1650555260061660000, 1650555260061697000
R,R,R,R,R,'t', 1650555258127584000, 1650555260061566000, 1650555260061616000, 1650555260061663000, 1650555260061700000
R,R,R,R,P,'3', 1650555258869929000, 1650555260061569000, 1650555260061619000, 1650555260061666000, 1650555260061703000
R,R,R,R,R,'3', 1650555258998127000, 1650555260061572000, 1650555260061631000, 1650555260061669000, 1650555260061706000
R,R,R,R,P,Key.ctrl, 1650555259435132000, 1650555260061575000, 1650555260061635000, 1650555260061672000, 1650555260061709000
R,R,R,R,P,'c', 1650555260054947000, 1650555260061586000, 1650555260061637000, 1650555260061675000, 1650555260061712000
R,R,R,R,R,P,'t', 1650555257526287000, 1650555260061535000, 1650555260061590000, 1650555260061640000, 1650555260061678000, 1650555260061715000
R,R,R,R,R,P,'e', 1650555257586241000, 1650555260061546000, 1650555260061597000, 1650555260061644000, 1650555260061682000, 1650555260061718000
R,R,R,R,R,R,'t', 1650555257665917000, 1650555260061550000, 1650555260061600000, 1650555260061647000, 1650555260061685000, 1650555260061721000
R,R,R,R,R,R,'e', 1650555257710235000, 1650555260061553000, 1650555260061604000, 1650555260061650000, 1650555260061688000, 1650555260061724000
R,R,R,R,R,P,'s', 1650555257874301000, 1650555260061556000, 1650555260061607000, 1650555260061653000, 1650555260061691000, 1650555260061727000
R,R,R,R,R,R,'s', 1650555257983156000, 1650555260061560000, 1650555260061610000, 1650555260061657000, 1650555260061694000, 1650555260061738000
R,R,R,R,R,P,'t', 1650555258011933000, 1650555260061563000, 1650555260061613000, 1650555260061660000, 1650555260061697000, 1650555260061741000
R,R,R,R,R,R,'t', 1650555258127584000, 1650555260061566000, 1650555260061616000, 1650555260061663000, 1650555260061700000, 1650555260061744000
R,R,R,R,R,P,'3', 1650555258869929000, 1650555260061569000, 1650555260061619000, 1650555260061666000, 1650555260061703000, 1650555260061747000
R,R,R,R,R,R,'3', 1650555258998127000, 1650555260061572000, 1650555260061631000, 1650555260061669000, 1650555260061706000, 1650555260061750000
R,R,R,R,R,P,Key.ctrl, 1650555259435132000, 1650555260061575000, 1650555260061635000, 1650555260061672000, 1650555260061709000, 1650555260061753000
R,R,R,R,R,P,'c', 1650555260054947000, 1650555260061586000, 1650555260061637000, 1650555260061675000, 1650555260061712000, 1650555260061756000
R,R,R,R,R,R,P,'t', 1650555257526287000, 1650555260061535000, 1650555260061590000, 1650555260061640000, 1650555260061678000, 1650555260061715000, 1650555260061760000
R,R,R,R,R,R,P,'e', 1650555257586241000, 1650555260061546000, 1650555260061597000, 1650555260061644000, 1650555260061682000, 1650555260061718000, 1650555260061764000
R,R,R,R,R,R,R,'t', 1650555257665917000, 1650555260061550000, 1650555260061600000, 1650555260061647000, 1650555260061685000, 1650555260061721000, 1650555260061767000
R,R,R,R,R,R,R,'e', 1650555257710235000, 1650555260061553000, 1650555260061604000, 1650555260061650000, 1650555260061688000, 1650555260061724000, 1650555260061770000
R,R,R,R,R,R,P,'s', 1650555257874301000, 1650555260061556000, 1650555260061607000, 1650555260061653000, 1650555260061691000, 1650555260061727000, 1650555260061773000
R,R,R,R,R,R,R,'s', 1650555257983156000, 1650555260061560000, 1650555260061610000, 1650555260061657000, 1650555260061694000, 1650555260061738000, 1650555260061779000
R,R,R,R,R,R,P,'t', 1650555258011933000, 1650555260061563000, 1650555260061613000, 1650555260061660000, 1650555260061697000, 1650555260061741000, 1650555260061782000
R,R,R,R,R,R,R,'t', 1650555258127584000, 1650555260061566000, 1650555260061616000, 1650555260061663000, 1650555260061700000, 1650555260061744000, 1650555260061786000
